#
# A fatal error has been detected by the Java Runtime Environment:
#
#  EXCEPTION_ACCESS_VIOLATION (0xc0000005) at pc=0x00007ffc031303cb, pid=4168, tid=24520
#
# JRE version: Java(TM) SE Runtime Environment (12.0+33) (build 12+33)
# Java VM: Java HotSpot(TM) 64-Bit Server VM (12+33, mixed mode, sharing, tiered, compressed oops, g1 gc, windows-amd64)
# Problematic frame:
# V  [jvm.dll+0x6c03cb]
#
# No core dump will be written. Minidumps are not enabled by default on client versions of Windows
#
# If you would like to submit a bug report, please visit:
#   http://bugreport.java.com/bugreport/crash.jsp
#

---------------  S U M M A R Y ------------

Command Line: -agentlib:jdwp=transport=dt_socket,address=127.0.0.1:63832,suspend=y,server=n -ea -Didea.test.cyclic.buffer.size=1048576 -javaagent:C:\Users\Shweta\AppData\Local\JetBrains\IdeaIC2020.1\captureAgent\debugger-agent.jar -Dfile.encoding=UTF-8 com.intellij.rt.junit.JUnitStarter -ideVersion5 -junit5 @w@C:\Users\Shweta\AppData\Local\Temp\idea_working_dirs_junit.tmp @C:\Users\Shweta\AppData\Local\Temp\idea_junit.tmp

Host: Intel(R) Core(TM) i5-8250U CPU @ 1.60GHz, 8 cores, 7G,  Windows 10 , 64 bit Build 19041 (10.0.19041.1151)
Time: Mon Sep 27 11:49:59 2021 India Standard Time elapsed time: 208 seconds (0d 0h 3m 28s)

---------------  T H R E A D  ---------------

Current thread (0x0000027fdb80b000):  VMThread "VM Thread" [stack: 0x000000d31e700000,0x000000d31e800000] [id=24520]

Stack: [0x000000d31e700000,0x000000d31e800000],  sp=0x000000d31e7feb60,  free space=1018k
Native frames: (J=compiled Java code, j=interpreted, Vv=VM code, C=native code)
V  [jvm.dll+0x6c03cb]
V  [jvm.dll+0x34d3d3]
V  [jvm.dll+0x34f2e9]
V  [jvm.dll+0x34fb6e]
V  [jvm.dll+0x34d07c]
V  [jvm.dll+0x34c2b2]
V  [jvm.dll+0x628425]
V  [jvm.dll+0x6281ad]
V  [jvm.dll+0x5ef77a]
V  [jvm.dll+0x504387]
V  [jvm.dll+0x78dccc]
V  [jvm.dll+0x791b27]
V  [jvm.dll+0x792366]
V  [jvm.dll+0x792697]
V  [jvm.dll+0x748648]
V  [jvm.dll+0x638566]
C  [ucrtbase.dll+0x21bb2]
C  [KERNEL32.DLL+0x17034]
C  [ntdll.dll+0x52651]


siginfo: EXCEPTION_ACCESS_VIOLATION (0xc0000005), reading address 0x0000000000000006


Register to memory mapping:

RIP=0x00007ffc031303cb jvm.dll
RAX=0x000000d31e7febf0 points into unknown readable memory: 30 00 00 46 00 00 00 00
RBX=0x000000d31e7febc0 points into unknown readable memory: 80 e1 30 03 fc 7f 00 00
RCX=0x0 is NULL
RDX=0x0 is NULL
RSP=0x000000d31e7feb60 points into unknown readable memory: c0 eb 7f 1e d3 00 00 00
RBP=0x000000d31e7ff0d0 points into unknown readable memory: 28 2d 7f db 7f 02 00 00
RSI=0x0 is NULL
RDI=0x0 is NULL
R8 =0x0 is NULL
R9 =0x0000027fdbd643f0 is pointing into metadata
R10=0x00007ffc02a70000 jvm.dll
R11=0x000000d31e7ff020 points into unknown readable memory: a0 f0 7f 1e d3 00 00 00
R12=0x0000027fdb7f2a00 points into unknown readable memory: 00 90 34 03 00 00 00 00
R13=0x0 is NULL
R14=0x0000027fdbd64db3 is pointing into metadata
R15=0x000000000000004f is an unknown value


Registers:
RAX=0x000000d31e7febf0, RBX=0x000000d31e7febc0, RCX=0x0000000000000000, RDX=0x0000000000000000
RSP=0x000000d31e7feb60, RBP=0x000000d31e7ff0d0, RSI=0x0000000000000000, RDI=0x0000000000000000
R8 =0x0000000000000000, R9 =0x0000027fdbd643f0, R10=0x00007ffc02a70000, R11=0x000000d31e7ff020
R12=0x0000027fdb7f2a00, R13=0x0000000000000000, R14=0x0000027fdbd64db3, R15=0x000000000000004f
RIP=0x00007ffc031303cb, EFLAGS=0x0000000000010246

Top of Stack: (sp=0x000000d31e7feb60)
0x000000d31e7feb60:   000000d31e7febc0 0000027fdb80b000
0x000000d31e7feb70:   0000000100000000 00007ffc0313094b
0x000000d31e7feb80:   0000000000000000 00007ffc02dbd3d3
0x000000d31e7feb90:   0000000000000000 000000d31e7ff240
0x000000d31e7feba0:   000000d31e7ff170 00007ffc0313010a
0x000000d31e7febb0:   000000d31e7fec10 00007ffc1508061b
0x000000d31e7febc0:   00007ffc0330e180 0000000000000000
0x000000d31e7febd0:   0000000000000000 00007ffc0000000c
0x000000d31e7febe0:   000000d31e7febf0 000000d300000000
0x000000d31e7febf0:   0000000046000030 0000027fdb7f2a40
0x000000d31e7fec00:   4fffffff4fffffff 0000027f4fffffff
0x000000d31e7fec10:   00007ffc0330e180 00007ffc44d12437
0x000000d31e7fec20:   0000000000000016 000000000000000e
0x000000d31e7fec30:   000000d31e7fec50 00007ffc00000003
0x000000d31e7fec40:   000000d31e7ff1f8 00007ffc44d11131
0x000000d31e7fec50:   000000d31e7fed90 000000d31e7fee30 

Instructions: (pc=0x00007ffc031303cb)
0x00007ffc031303ab:   cc cc cc cc cc 40 53 48 83 ec 20 c7 41 10 00 00
0x00007ffc031303bb:   00 00 48 8b d9 48 89 7c 24 38 48 8b 79 08 33 c9
0x00007ffc031303cb:   80 7f 06 28 74 26 44 8d 49 28 8d 51 35 48 8d 0d
0x00007ffc031303db:   11 bf 22 00 4c 8d 05 fa be 22 00 e8 65 1a ba ff 


Stack slot to memory mapping:
stack at sp + 0 slots: 0x000000d31e7febc0 points into unknown readable memory: 80 e1 30 03 fc 7f 00 00
stack at sp + 1 slots: 0x0000027fdb80b000 points into unknown readable memory: 78 04 38 03 fc 7f 00 00
stack at sp + 2 slots: 0x0000000100000000 is an unknown value
stack at sp + 3 slots: 0x00007ffc0313094b jvm.dll
stack at sp + 4 slots: 0x0 is NULL
stack at sp + 5 slots: 0x00007ffc02dbd3d3 jvm.dll
stack at sp + 6 slots: 0x0 is NULL
stack at sp + 7 slots: 0x000000d31e7ff240 points into unknown readable memory: 68 b4 34 03 fc 7f 00 00

VM_Operation (0x000000d31f1ff550): GetOrSetLocal, mode: safepoint, requested by thread 0x0000027fdc2f4800


---------------  P R O C E S S  ---------------

Threads class SMR info:
_java_thread_list=0x0000027fdf0d4eb0, length=13, elements={
0x0000027fbcb55800, 0x0000027fdb810800, 0x0000027fdb811800, 0x0000027fdb82a800,
0x0000027fdb82c000, 0x0000027fdb831000, 0x0000027fdb836800, 0x0000027fdb837800,
0x0000027fdb7f3800, 0x0000027fdc2f4800, 0x0000027fdc326000, 0x0000027fdc327000,
0x0000027fdc2e4000
}

Java Threads: ( => current thread )
  0x0000027fbcb55800 JavaThread "main" [_thread_blocked, id=4640, stack(0x000000d31e100000,0x000000d31e200000)]
  0x0000027fdb810800 JavaThread "Reference Handler" daemon [_thread_blocked, id=14028, stack(0x000000d31e800000,0x000000d31e900000)]
  0x0000027fdb811800 JavaThread "Finalizer" daemon [_thread_blocked, id=16344, stack(0x000000d31e900000,0x000000d31ea00000)]
  0x0000027fdb82a800 JavaThread "Signal Dispatcher" daemon [_thread_blocked, id=7016, stack(0x000000d31ea00000,0x000000d31eb00000)]
  0x0000027fdb82c000 JavaThread "Attach Listener" daemon [_thread_blocked, id=23128, stack(0x000000d31eb00000,0x000000d31ec00000)]
  0x0000027fdb831000 JavaThread "C2 CompilerThread0" daemon [_thread_blocked, id=20712, stack(0x000000d31ec00000,0x000000d31ed00000)]
  0x0000027fdb836800 JavaThread "C1 CompilerThread0" daemon [_thread_blocked, id=19852, stack(0x000000d31ed00000,0x000000d31ee00000)]
  0x0000027fdb837800 JavaThread "Sweeper thread" daemon [_thread_blocked, id=5548, stack(0x000000d31ee00000,0x000000d31ef00000)]
  0x0000027fdb7f3800 JavaThread "Common-Cleaner" daemon [_thread_blocked, id=484, stack(0x000000d31ef00000,0x000000d31f000000)]
  0x0000027fdc2f4800 JavaThread "JDWP Transport Listener: dt_socket" daemon [_thread_blocked, id=10116, stack(0x000000d31f100000,0x000000d31f200000)] _threads_hazard_ptr=0x0000027fdf0d4eb0
  0x0000027fdc326000 JavaThread "JDWP Event Helper Thread" daemon [_thread_blocked, id=23816, stack(0x000000d31f200000,0x000000d31f300000)]
  0x0000027fdc327000 JavaThread "JDWP Command Reader" daemon [_thread_in_native, id=24596, stack(0x000000d31f300000,0x000000d31f400000)]
  0x0000027fdc2e4000 JavaThread "Service Thread" daemon [_thread_blocked, id=18072, stack(0x000000d31f400000,0x000000d31f500000)]

Other Threads:
=>0x0000027fdb80b000 VMThread "VM Thread" [stack: 0x000000d31e700000,0x000000d31e800000] [id=24520]
  0x0000027fdc747800 WatcherThread [stack: 0x000000d31f500000,0x000000d31f600000] [id=13780]
  0x0000027fbcb92800 GCTaskThread "GC Thread#0" [stack: 0x000000d31e200000,0x000000d31e300000] [id=14508]
  0x0000027fdce3c000 GCTaskThread "GC Thread#1" [stack: 0x000000d31f600000,0x000000d31f700000] [id=8904]
  0x0000027fdcf8f000 GCTaskThread "GC Thread#2" [stack: 0x000000d31f700000,0x000000d31f800000] [id=9928]
  0x0000027fdd9da800 GCTaskThread "GC Thread#3" [stack: 0x000000d31f900000,0x000000d31fa00000] [id=15828]
  0x0000027fbcba0800 ConcurrentGCThread "G1 Main Marker" [stack: 0x000000d31e300000,0x000000d31e400000] [id=11856]
  0x0000027fbcba5000 ConcurrentGCThread "G1 Conc#0" [stack: 0x000000d31e400000,0x000000d31e500000] [id=20888]
  0x0000027fde354000 ConcurrentGCThread "G1 Conc#1" [stack: 0x000000d31f800000,0x000000d31f900000] [id=7448]
  0x0000027fbcc2e800 ConcurrentGCThread "G1 Refine#0" [stack: 0x000000d31e500000,0x000000d31e600000] [id=5700]
  0x0000027fdb688800 ConcurrentGCThread "G1 Young RemSet Sampling" [stack: 0x000000d31e600000,0x000000d31e700000] [id=24256]

Threads with active compile tasks:

VM state:at safepoint (normal execution)

VM Mutex/Monitor currently owned by a thread:  ([mutex/lock_event])
[0x0000027fbcb50550] Threads_lock - owner thread: 0x0000027fdb80b000

Heap address: 0x0000000081600000, size: 2026 MB, Compressed Oops mode: 32-bit
Narrow klass base: 0x0000000800000000, Narrow klass shift: 3
Compressed class space size: 1073741824 Address: 0x00000008011a0000

Heap:
 garbage-first heap   total 59392K, used 29003K [0x0000000081600000, 0x0000000100000000)
  region size 1024K, 13 young (13312K), 2 survivors (2048K)
 Metaspace       used 33837K, capacity 35312K, committed 35456K, reserved 1079296K
  class space    used 4598K, capacity 5150K, committed 5248K, reserved 1048576K
Heap Regions: E=young(eden), S=young(survivor), O=old, HS=humongous(starts), HC=humongous(continues), CS=collection set, F=free, A=archive, TAMS=top-at-mark-start (previous, next)
|   0|0x0000000081600000, 0x0000000081700000, 0x0000000081700000|100%| O|  |TAMS 0x0000000081700000, 0x0000000081600000| Untracked 
|   1|0x0000000081700000, 0x0000000081800000, 0x0000000081800000|100%| O|  |TAMS 0x0000000081800000, 0x0000000081700000| Untracked 
|   2|0x0000000081800000, 0x0000000081900000, 0x0000000081900000|100%| O|  |TAMS 0x00000000818d5800, 0x0000000081800000| Untracked 
|   3|0x0000000081900000, 0x0000000081a00000, 0x0000000081a00000|100%| O|  |TAMS 0x0000000081900000, 0x0000000081900000| Untracked 
|   4|0x0000000081a00000, 0x0000000081b00000, 0x0000000081b00000|100%| O|  |TAMS 0x0000000081a00000, 0x0000000081a00000| Untracked 
|   5|0x0000000081b00000, 0x0000000081bb5400, 0x0000000081c00000| 70%| O|  |TAMS 0x0000000081b00000, 0x0000000081b00000| Untracked 
|   6|0x0000000081c00000, 0x0000000081d00000, 0x0000000081d00000|100%| O|  |TAMS 0x0000000081c00000, 0x0000000081c00000| Untracked 
|   7|0x0000000081d00000, 0x0000000081e00000, 0x0000000081e00000|100%| O|  |TAMS 0x0000000081d00000, 0x0000000081d00000| Untracked 
|   8|0x0000000081e00000, 0x0000000081f00000, 0x0000000081f00000|100%| O|  |TAMS 0x0000000081e00000, 0x0000000081e00000| Untracked 
|   9|0x0000000081f00000, 0x0000000082000000, 0x0000000082000000|100%| O|  |TAMS 0x0000000081f00000, 0x0000000081f00000| Untracked 
|  10|0x0000000082000000, 0x0000000082100000, 0x0000000082100000|100%| O|  |TAMS 0x0000000082000000, 0x0000000082000000| Untracked 
|  11|0x0000000082100000, 0x0000000082200000, 0x0000000082200000|100%| O|  |TAMS 0x0000000082100000, 0x0000000082100000| Untracked 
|  12|0x0000000082200000, 0x0000000082300000, 0x0000000082300000|100%| O|  |TAMS 0x0000000082200000, 0x0000000082200000| Untracked 
|  13|0x0000000082300000, 0x0000000082400000, 0x0000000082400000|100%| O|  |TAMS 0x0000000082300000, 0x0000000082300000| Untracked 
|  14|0x0000000082400000, 0x0000000082500000, 0x0000000082500000|100%| O|  |TAMS 0x0000000082400000, 0x0000000082400000| Untracked 
|  15|0x0000000082500000, 0x0000000082600000, 0x0000000082600000|100%| O|  |TAMS 0x0000000082500000, 0x0000000082500000| Untracked 
|  16|0x0000000082600000, 0x000000008269d800, 0x0000000082700000| 61%| O|  |TAMS 0x0000000082600000, 0x0000000082600000| Untracked 
|  17|0x0000000082700000, 0x0000000082700000, 0x0000000082800000|  0%| F|  |TAMS 0x0000000082700000, 0x0000000082700000| Untracked 
|  18|0x0000000082800000, 0x0000000082800000, 0x0000000082900000|  0%| F|  |TAMS 0x0000000082800000, 0x0000000082800000| Untracked 
|  19|0x0000000082900000, 0x0000000082900000, 0x0000000082a00000|  0%| F|  |TAMS 0x0000000082900000, 0x0000000082900000| Untracked 
|  20|0x0000000082a00000, 0x0000000082a00000, 0x0000000082b00000|  0%| F|  |TAMS 0x0000000082a00000, 0x0000000082a00000| Untracked 
|  21|0x0000000082b00000, 0x0000000082b00000, 0x0000000082c00000|  0%| F|  |TAMS 0x0000000082b00000, 0x0000000082b00000| Untracked 
|  22|0x0000000082c00000, 0x0000000082c00000, 0x0000000082d00000|  0%| F|  |TAMS 0x0000000082c00000, 0x0000000082c00000| Untracked 
|  23|0x0000000082d00000, 0x0000000082d00000, 0x0000000082e00000|  0%| F|  |TAMS 0x0000000082d00000, 0x0000000082d00000| Untracked 
|  24|0x0000000082e00000, 0x0000000082e00000, 0x0000000082f00000|  0%| F|  |TAMS 0x0000000082e00000, 0x0000000082e00000| Untracked 
|  25|0x0000000082f00000, 0x0000000082f00000, 0x0000000083000000|  0%| F|  |TAMS 0x0000000082f00000, 0x0000000082f00000| Untracked 
|  26|0x0000000083000000, 0x0000000083000000, 0x0000000083100000|  0%| F|  |TAMS 0x0000000083000000, 0x0000000083000000| Untracked 
|  27|0x0000000083100000, 0x0000000083100000, 0x0000000083200000|  0%| F|  |TAMS 0x0000000083100000, 0x0000000083100000| Untracked 
|  28|0x0000000083200000, 0x0000000083200000, 0x0000000083300000|  0%| F|  |TAMS 0x0000000083200000, 0x0000000083200000| Untracked 
|  29|0x0000000083300000, 0x0000000083300000, 0x0000000083400000|  0%| F|  |TAMS 0x0000000083300000, 0x0000000083300000| Untracked 
|  30|0x0000000083400000, 0x0000000083400000, 0x0000000083500000|  0%| F|  |TAMS 0x0000000083400000, 0x0000000083400000| Untracked 
|  31|0x0000000083500000, 0x0000000083500000, 0x0000000083600000|  0%| F|  |TAMS 0x0000000083500000, 0x0000000083500000| Untracked 
|  32|0x0000000083600000, 0x0000000083600000, 0x0000000083700000|  0%| F|  |TAMS 0x0000000083600000, 0x0000000083600000| Untracked 
|  33|0x0000000083700000, 0x0000000083800000, 0x0000000083800000|100%| S|CS|TAMS 0x0000000083700000, 0x0000000083700000| Complete 
|  34|0x0000000083800000, 0x0000000083900000, 0x0000000083900000|100%| S|CS|TAMS 0x0000000083800000, 0x0000000083800000| Complete 
|  35|0x0000000083900000, 0x0000000083900000, 0x0000000083a00000|  0%| F|  |TAMS 0x0000000083900000, 0x0000000083900000| Untracked 
|  36|0x0000000083a00000, 0x0000000083a00000, 0x0000000083b00000|  0%| F|  |TAMS 0x0000000083a00000, 0x0000000083a00000| Untracked 
|  37|0x0000000083b00000, 0x0000000083b00000, 0x0000000083c00000|  0%| F|  |TAMS 0x0000000083b00000, 0x0000000083b00000| Untracked 
|  38|0x0000000083c00000, 0x0000000083c00000, 0x0000000083d00000|  0%| F|  |TAMS 0x0000000083c00000, 0x0000000083c00000| Untracked 
|  39|0x0000000083d00000, 0x0000000083d00000, 0x0000000083e00000|  0%| F|  |TAMS 0x0000000083d00000, 0x0000000083d00000| Untracked 
|  40|0x0000000083e00000, 0x0000000083e00000, 0x0000000083f00000|  0%| F|  |TAMS 0x0000000083e00000, 0x0000000083e00000| Untracked 
|  41|0x0000000083f00000, 0x0000000083f00000, 0x0000000084000000|  0%| F|  |TAMS 0x0000000083f00000, 0x0000000083f00000| Untracked 
|  42|0x0000000084000000, 0x0000000084000000, 0x0000000084100000|  0%| F|  |TAMS 0x0000000084000000, 0x0000000084000000| Untracked 
|  43|0x0000000084100000, 0x0000000084100000, 0x0000000084200000|  0%| F|  |TAMS 0x0000000084100000, 0x0000000084100000| Untracked 
|  44|0x0000000084200000, 0x0000000084200000, 0x0000000084300000|  0%| F|  |TAMS 0x0000000084200000, 0x0000000084200000| Untracked 
|  45|0x0000000084300000, 0x0000000084300000, 0x0000000084400000|  0%| F|  |TAMS 0x0000000084300000, 0x0000000084300000| Untracked 
|  46|0x0000000084400000, 0x0000000084400000, 0x0000000084500000|  0%| F|  |TAMS 0x0000000084400000, 0x0000000084400000| Untracked 
|  47|0x0000000084500000, 0x00000000845b75a0, 0x0000000084600000| 71%| E|  |TAMS 0x0000000084500000, 0x0000000084500000| Complete 
|  48|0x0000000084600000, 0x0000000084700000, 0x0000000084700000|100%| E|CS|TAMS 0x0000000084600000, 0x0000000084600000| Complete 
|  49|0x0000000084700000, 0x0000000084800000, 0x0000000084800000|100%| E|CS|TAMS 0x0000000084700000, 0x0000000084700000| Complete 
|  50|0x0000000084800000, 0x0000000084900000, 0x0000000084900000|100%| E|CS|TAMS 0x0000000084800000, 0x0000000084800000| Complete 
|  51|0x0000000084900000, 0x0000000084a00000, 0x0000000084a00000|100%| E|CS|TAMS 0x0000000084900000, 0x0000000084900000| Complete 
|  84|0x0000000086a00000, 0x0000000086b00000, 0x0000000086b00000|100%| E|CS|TAMS 0x0000000086a00000, 0x0000000086a00000| Complete 
|  85|0x0000000086b00000, 0x0000000086c00000, 0x0000000086c00000|100%| E|CS|TAMS 0x0000000086b00000, 0x0000000086b00000| Complete 
|  86|0x0000000086c00000, 0x0000000086d00000, 0x0000000086d00000|100%| E|CS|TAMS 0x0000000086c00000, 0x0000000086c00000| Complete 
|  87|0x0000000086d00000, 0x0000000086e00000, 0x0000000086e00000|100%| E|CS|TAMS 0x0000000086d00000, 0x0000000086d00000| Complete 
|  88|0x0000000086e00000, 0x0000000086f00000, 0x0000000086f00000|100%| E|CS|TAMS 0x0000000086e00000, 0x0000000086e00000| Complete 
| 127|0x0000000089500000, 0x0000000089600000, 0x0000000089600000|100%| E|CS|TAMS 0x0000000089500000, 0x0000000089500000| Complete 

Card table byte_map: [0x0000027fd4690000,0x0000027fd4a90000] _byte_map_base: 0x0000027fd4285000

Marking Bits (Prev, Next): (CMBitMap*) 0x0000027fbcb93928, (CMBitMap*) 0x0000027fbcb938e8
 Prev Bits: [0x0000027fd6e40000, 0x0000027fd8de8000)
 Next Bits: [0x0000027fd4e90000, 0x0000027fd6e38000)

Polling page: 0x0000027fbc330000

Metaspace:

Usage:
  Non-class:     29.46 MB capacity,    28.55 MB ( 97%) used,   754.41 KB (  3%) free+waste,   168.38 KB ( <1%) overhead. 
      Class:      5.03 MB capacity,     4.49 MB ( 89%) used,   469.64 KB (  9%) free+waste,    82.06 KB (  2%) overhead. 
       Both:     34.48 MB capacity,    33.04 MB ( 96%) used,     1.20 MB (  3%) free+waste,   250.44 KB ( <1%) overhead. 

Virtual space:
  Non-class space:       30.00 MB reserved,      29.50 MB ( 98%) committed 
      Class space:        1.00 GB reserved,       5.13 MB ( <1%) committed 
             Both:        1.03 GB reserved,      34.63 MB (  3%) committed 

Chunk freelists:
   Non-Class:  5.75 KB
       Class:  256 bytes
        Both:  6.00 KB

CodeHeap 'non-profiled nmethods': size=120000Kb used=2228Kb max_used=2228Kb free=117771Kb
 bounds [0x0000027fcca30000, 0x0000027fccca0000, 0x0000027fd3f60000]
CodeHeap 'profiled nmethods': size=120000Kb used=9906Kb max_used=9906Kb free=110093Kb
 bounds [0x0000027fc5500000, 0x0000027fc5eb0000, 0x0000027fcca30000]
CodeHeap 'non-nmethods': size=5760Kb used=1256Kb max_used=1322Kb free=4503Kb
 bounds [0x0000027fc4f60000, 0x0000027fc51d0000, 0x0000027fc5500000]
 total_blobs=5341 nmethods=4022 adapters=413
 compilation: enabled
              stopped_count=0, restarted_count=0
 full_count=0

Compilation events (10 events):
Event: 7.812 Thread 0x0000027fdb831000 nmethod 4040 0x0000027fccc57c10 code [0x0000027fccc57da0, 0x0000027fccc57e78]
Event: 7.812 Thread 0x0000027fdb831000 4038       4       jdk.internal.org.objectweb.asm.MethodWriter::visitVarInsn (302 bytes)
Event: 7.813 Thread 0x0000027fdb836800 4041       3       java.lang.String::hashCode (49 bytes)
Event: 7.814 Thread 0x0000027fdb836800 nmethod 4041 0x0000027fc5eac190 code [0x0000027fc5eac380, 0x0000027fc5eac810]
Event: 7.824 Thread 0x0000027fdb831000 nmethod 4038 0x0000027fccc57f90 code [0x0000027fccc58180, 0x0000027fccc58968]
Event: 7.824 Thread 0x0000027fdb831000 4035       4       java.util.HashSet::contains (9 bytes)
Event: 7.836 Thread 0x0000027fdb831000 nmethod 4035 0x0000027fccc58e10 code [0x0000027fccc58fe0, 0x0000027fccc59758]
Event: 7.836 Thread 0x0000027fdb831000 4033       4       jdk.internal.loader.ClassLoaders$BootClassLoader::loadClassOrNull (11 bytes)
Event: 7.844 Thread 0x0000027fdb831000 nmethod 4033 0x0000027fccc59c10 code [0x0000027fccc59dc0, 0x0000027fccc5a0a8]
Event: 7.857 Thread 0x0000027fdc35b800 nmethod 4034 0x0000027fccc5a410 code [0x0000027fccc5a6a0, 0x0000027fccc5c460]

GC Heap History (10 events):
Event: 5.544 GC heap before
{Heap before GC invocations=7 (full 0):
 garbage-first heap   total 49152K, used 35432K [0x0000000081600000, 0x0000000100000000)
  region size 1024K, 24 young (24576K), 3 survivors (3072K)
 Metaspace       used 26698K, capacity 27879K, committed 28032K, reserved 1073152K
  class space    used 3425K, capacity 3875K, committed 3968K, reserved 1048576K
}
Event: 5.561 GC heap after
{Heap after GC invocations=8 (full 0):
 garbage-first heap   total 49152K, used 15390K [0x0000000081600000, 0x0000000100000000)
  region size 1024K, 3 young (3072K), 3 survivors (3072K)
 Metaspace       used 26698K, capacity 27879K, committed 28032K, reserved 1073152K
  class space    used 3425K, capacity 3875K, committed 3968K, reserved 1048576K
}
Event: 6.000 GC heap before
{Heap before GC invocations=8 (full 0):
 garbage-first heap   total 49152K, used 35870K [0x0000000081600000, 0x0000000100000000)
  region size 1024K, 23 young (23552K), 3 survivors (3072K)
 Metaspace       used 28018K, capacity 29253K, committed 29440K, reserved 1075200K
  class space    used 3597K, capacity 4075K, committed 4096K, reserved 1048576K
}
Event: 6.013 GC heap after
{Heap after GC invocations=9 (full 0):
 garbage-first heap   total 49152K, used 17060K [0x0000000081600000, 0x0000000100000000)
  region size 1024K, 2 young (2048K), 2 survivors (2048K)
 Metaspace       used 28018K, capacity 29253K, committed 29440K, reserved 1075200K
  class space    used 3597K, capacity 4075K, committed 4096K, reserved 1048576K
}
Event: 6.426 GC heap before
{Heap before GC invocations=9 (full 0):
 garbage-first heap   total 49152K, used 36516K [0x0000000081600000, 0x0000000100000000)
  region size 1024K, 21 young (21504K), 2 survivors (2048K)
 Metaspace       used 28524K, capacity 29780K, committed 30080K, reserved 1075200K
  class space    used 3657K, capacity 4143K, committed 4224K, reserved 1048576K
}
Event: 6.435 GC heap after
{Heap after GC invocations=10 (full 0):
 garbage-first heap   total 49152K, used 18245K [0x0000000081600000, 0x0000000100000000)
  region size 1024K, 3 young (3072K), 3 survivors (3072K)
 Metaspace       used 28524K, capacity 29780K, committed 30080K, reserved 1075200K
  class space    used 3657K, capacity 4143K, committed 4224K, reserved 1048576K
}
Event: 6.953 GC heap before
{Heap before GC invocations=10 (full 0):
 garbage-first heap   total 49152K, used 37701K [0x0000000081600000, 0x0000000100000000)
  region size 1024K, 22 young (22528K), 3 survivors (3072K)
 Metaspace       used 29961K, capacity 31363K, committed 31616K, reserved 1077248K
  class space    used 3882K, capacity 4417K, committed 4480K, reserved 1048576K
}
Event: 6.967 GC heap after
{Heap after GC invocations=11 (full 0):
 garbage-first heap   total 59392K, used 18678K [0x0000000081600000, 0x0000000100000000)
  region size 1024K, 2 young (2048K), 2 survivors (2048K)
 Metaspace       used 29961K, capacity 31363K, committed 31616K, reserved 1077248K
  class space    used 3882K, capacity 4417K, committed 4480K, reserved 1048576K
}
Event: 7.590 GC heap before
{Heap before GC invocations=11 (full 0):
 garbage-first heap   total 59392K, used 41206K [0x0000000081600000, 0x0000000100000000)
  region size 1024K, 25 young (25600K), 2 survivors (2048K)
 Metaspace       used 32840K, capacity 34271K, committed 34432K, reserved 1079296K
  class space    used 4412K, capacity 4974K, committed 4992K, reserved 1048576K
}
Event: 7.597 GC heap after
{Heap after GC invocations=12 (full 0):
 garbage-first heap   total 59392K, used 18763K [0x0000000081600000, 0x0000000100000000)
  region size 1024K, 2 young (2048K), 2 survivors (2048K)
 Metaspace       used 32840K, capacity 34271K, committed 34432K, reserved 1079296K
  class space    used 4412K, capacity 4974K, committed 4992K, reserved 1048576K
}

Deoptimization events (10 events):
Event: 5.290 Thread 0x0000027fbcb55800 Uncommon trap: reason=array_check action=maybe_recompile pc=0x0000027fccbd1d90 method=java.util.AbstractCollection.toArray([Ljava/lang/Object;)[Ljava/lang/Object; @ 116 c2
Event: 5.688 Thread 0x0000027fbcb55800 Uncommon trap: reason=unstable_if action=reinterpret pc=0x0000027fccbd2710 method=java.lang.Class.getComponentType()Ljava/lang/Class; @ 4 c2
Event: 5.877 Thread 0x0000027fbcb55800 Uncommon trap: reason=unstable_if action=reinterpret pc=0x0000027fccb7860c method=java.util.IdentityHashMap.nextKeyIndex(II)I @ 4 c2
Event: 6.356 Thread 0x0000027fbcb55800 Uncommon trap: reason=unstable_if action=reinterpret pc=0x0000027fccbad310 method=org.springframework.beans.factory.support.DefaultSingletonBeanRegistry.getSingleton(Ljava/lang/String;Z)Ljava/lang/Object; @ 39 c2
Event: 6.745 Thread 0x0000027fbcb55800 Uncommon trap: reason=unstable_if action=reinterpret pc=0x0000027fccaf2fa8 method=org.springframework.util.ConcurrentReferenceHashMap$Segment.clear()V @ 7 c2
Event: 6.806 Thread 0x0000027fbcb55800 Uncommon trap: reason=unstable_if action=reinterpret pc=0x0000027fccaf2530 method=java.util.LinkedHashMap.get(Ljava/lang/Object;)Ljava/lang/Object; @ 20 c2
Event: 7.464 Thread 0x0000027fbcb55800 Uncommon trap: reason=unstable_if action=reinterpret pc=0x0000027fccb6b068 method=jdk.internal.module.SystemModuleFinders$SystemModuleReader.find(Ljava/lang/String;)Ljava/util/Optional; @ 7 c2
Event: 7.807 Thread 0x0000027fbcb55800 Uncommon trap: reason=unstable_if action=reinterpret pc=0x0000027fcca419e4 method=java.lang.CharacterData.of(I)Ljava/lang/CharacterData; @ 4 c2
Event: 7.812 Thread 0x0000027fbcb55800 Uncommon trap: reason=unstable_if action=reinterpret pc=0x0000027fcca396dc method=java.lang.String.isLatin1()Z @ 10 c2
Event: 35.118 Thread 0x0000027fdc2f4800 Uncommon trap: reason=unstable_if action=reinterpret pc=0x0000027fccc2d958 method=sun.instrument.InstrumentationImpl.transform(Ljava/lang/Module;Ljava/lang/ClassLoader;Ljava/lang/String;Ljava/lang/Class;Ljava/security/ProtectionDomain;[BZ)[B @ 24 c2

Classes redefined (5 events):
Event: 35.207 Thread 0x0000027fdb80b000 redefined class name=ApplicationTests, count=1
Event: 62.060 Thread 0x0000027fdb80b000 redefined class name=ApplicationTests, count=2
Event: 121.564 Thread 0x0000027fdb80b000 redefined class name=ApplicationTests, count=3
Event: 163.651 Thread 0x0000027fdb80b000 redefined class name=ApplicationTests, count=4
Event: 208.144 Thread 0x0000027fdb80b000 redefined class name=ApplicationTests, count=5

Internal exceptions (10 events):
Event: 6.729 Thread 0x0000027fbcb55800 Exception <a 'java/lang/NoSuchMethodError'{0x0000000083913650}: java.lang.invoke.DirectMethodHandle$Holder.invokeSpecial(Ljava/lang/Object;Ljava/lang/Object;ILjava/lang/Object;ILjava/lang/Object;)Ljava/lang/Object;> (0x0000000083913650) thrown at [t:/work
Event: 6.730 Thread 0x0000027fbcb55800 Exception <a 'java/lang/NoSuchMethodError'{0x000000008391a9f8}: java.lang.invoke.DirectMethodHandle$Holder.invokeStatic(Ljava/lang/Object;Ljava/lang/Object;ILjava/lang/Object;I)Ljava/lang/Object;> (0x000000008391a9f8) thrown at [t:/workspace/open/src/hots
Event: 6.731 Thread 0x0000027fbcb55800 Exception <a 'java/lang/NoSuchMethodError'{0x000000008391e2e8}: java.lang.invoke.DirectMethodHandle$Holder.invokeSpecial(Ljava/lang/Object;Ljava/lang/Object;Ljava/lang/Object;ILjava/lang/Object;I)Ljava/lang/Object;> (0x000000008391e2e8) thrown at [t:/work
Event: 6.733 Thread 0x0000027fbcb55800 Exception <a 'java/lang/NoSuchMethodError'{0x0000000083929e00}: java.lang.invoke.DirectMethodHandle$Holder.invokeVirtual(Ljava/lang/Object;Ljava/lang/Object;)V> (0x0000000083929e00) thrown at [t:/workspace/open/src/hotspot/share/interpreter/linkResolver.c
Event: 6.809 Thread 0x0000027fbcb55800 Exception <a 'java/lang/ClassNotFoundException'{0x00000000838e9210}: java/lang/ObjectCustomizer> (0x00000000838e9210) thrown at [t:/workspace/open/src/hotspot/share/classfile/systemDictionary.cpp, line 235]
Event: 6.810 Thread 0x0000027fbcb55800 Exception <a 'java/lang/ClassNotFoundException'{0x00000000838fc7d8}: com/benzassignment/file/service/ApplicationTestsCustomizer> (0x00000000838fc7d8) thrown at [t:/workspace/open/src/hotspot/share/classfile/systemDictionary.cpp, line 235]
Event: 6.831 Thread 0x0000027fbcb55800 Exception <a 'java/lang/NoSuchMethodError'{0x0000000083779590}: java.lang.invoke.DirectMethodHandle$Holder.invokeStatic(Ljava/lang/Object;Ljava/lang/Object;Ljava/lang/Object;Ljava/lang/Object;I)Ljava/lang/Object;> (0x0000000083779590) thrown at [t:/worksp
Event: 6.831 Thread 0x0000027fbcb55800 Exception <a 'java/lang/NoSuchMethodError'{0x000000008377cf90}: java.lang.invoke.DirectMethodHandle$Holder.invokeSpecial(Ljava/lang/Object;Ljava/lang/Object;Ljava/lang/Object;Ljava/lang/Object;Ljava/lang/Object;I)Ljava/lang/Object;> (0x000000008377cf90) t
Event: 6.832 Thread 0x0000027fbcb55800 Exception <a 'java/lang/NoSuchMethodError'{0x0000000083780210}: java.lang.invoke.Invokers$Holder.linkToTargetMethod(Ljava/lang/Object;Ljava/lang/Object;Ljava/lang/Object;ILjava/lang/Object;)Ljava/lang/Object;> (0x0000000083780210) thrown at [t:/workspace/
Event: 7.694 Thread 0x0000027fbcb55800 Exception <a 'java/lang/ClassNotFoundException'{0x0000000086b13d58}: java/lang/ClassLoader$ByteBuddyAccessor$Txy7RNAA> (0x0000000086b13d58) thrown at [t:/workspace/open/src/hotspot/share/classfile/systemDictionary.cpp, line 235]

Events (10 events):
Event: 208.536 Executing VM operation: ChangeBreakpoints done
Event: 208.549 Executing VM operation: ChangeBreakpoints
Event: 208.553 Executing VM operation: ChangeBreakpoints done
Event: 208.678 Executing VM operation: GetFrameCount
Event: 208.678 Executing VM operation: GetFrameCount done
Event: 208.678 Executing VM operation: GetStackTrace
Event: 208.678 Executing VM operation: GetStackTrace done
Event: 208.810 Executing VM operation: GetFrameLocation
Event: 208.810 Executing VM operation: GetFrameLocation done
Event: 208.810 Executing VM operation: GetOrSetLocal


Dynamic libraries:
0x00007ff7f7500000 - 0x00007ff7f750f000 	C:\Program Files\Java\jdk-12\bin\java.exe
0x00007ffc47390000 - 0x00007ffc47585000 	C:\WINDOWS\SYSTEM32\ntdll.dll
0x00007ffc453f0000 - 0x00007ffc454ad000 	C:\WINDOWS\System32\KERNEL32.DLL
0x00007ffc44fe0000 - 0x00007ffc452a9000 	C:\WINDOWS\System32\KERNELBASE.dll
0x00007ffc44d00000 - 0x00007ffc44e00000 	C:\WINDOWS\System32\ucrtbase.dll
0x00007ffc35720000 - 0x00007ffc35738000 	C:\Program Files\Java\jdk-12\bin\jli.dll
0x00007ffc34c00000 - 0x00007ffc34c16000 	C:\Program Files\Java\jdk-12\bin\VCRUNTIME140.dll
0x00007ffc45ec0000 - 0x00007ffc45f6c000 	C:\WINDOWS\System32\ADVAPI32.dll
0x00007ffc454b0000 - 0x00007ffc4554e000 	C:\WINDOWS\System32\msvcrt.dll
0x00007ffc47180000 - 0x00007ffc4721b000 	C:\WINDOWS\System32\sechost.dll
0x00007ffc45c00000 - 0x00007ffc45d2a000 	C:\WINDOWS\System32\RPCRT4.dll
0x00007ffc467a0000 - 0x00007ffc46940000 	C:\WINDOWS\System32\USER32.dll
0x00007ffc453c0000 - 0x00007ffc453e2000 	C:\WINDOWS\System32\win32u.dll
0x00007ffc2abf0000 - 0x00007ffc2ae8a000 	C:\WINDOWS\WinSxS\amd64_microsoft.windows.common-controls_6595b64144ccf1df_6.0.19041.1110_none_60b5254171f9507e\COMCTL32.dll
0x00007ffc46940000 - 0x00007ffc4696a000 	C:\WINDOWS\System32\GDI32.dll
0x00007ffc452b0000 - 0x00007ffc453bb000 	C:\WINDOWS\System32\gdi32full.dll
0x00007ffc44c60000 - 0x00007ffc44cfd000 	C:\WINDOWS\System32\msvcp_win.dll
0x00007ffc3f800000 - 0x00007ffc3f80a000 	C:\WINDOWS\SYSTEM32\VERSION.dll
0x00007ffc458b0000 - 0x00007ffc458e0000 	C:\WINDOWS\System32\IMM32.DLL
0x00007ffc263b0000 - 0x00007ffc2645a000 	C:\Program Files\Java\jdk-12\bin\msvcp140.dll
0x00007ffc02a70000 - 0x00007ffc035e4000 	C:\Program Files\Java\jdk-12\bin\server\jvm.dll
0x00007ffc466e0000 - 0x00007ffc466e8000 	C:\WINDOWS\System32\PSAPI.DLL
0x00007ffc2cce0000 - 0x00007ffc2cd07000 	C:\WINDOWS\SYSTEM32\WINMM.dll
0x00007ffc3e840000 - 0x00007ffc3e849000 	C:\WINDOWS\SYSTEM32\WSOCK32.dll
0x00007ffc470b0000 - 0x00007ffc4711b000 	C:\WINDOWS\System32\WS2_32.dll
0x00007ffc429d0000 - 0x00007ffc429e2000 	C:\WINDOWS\SYSTEM32\kernel.appcore.dll
0x00007ffc34a60000 - 0x00007ffc34a71000 	C:\Program Files\Java\jdk-12\bin\verify.dll
0x00007ffc3d3b0000 - 0x00007ffc3d594000 	C:\WINDOWS\SYSTEM32\DBGHELP.DLL
0x00007ffc3cfe0000 - 0x00007ffc3d00c000 	C:\WINDOWS\SYSTEM32\dbgcore.DLL
0x00007ffc44bd0000 - 0x00007ffc44c53000 	C:\WINDOWS\System32\bcryptPrimitives.dll
0x00007ffc349b0000 - 0x00007ffc349d6000 	C:\Program Files\Java\jdk-12\bin\java.dll
0x00007ffc32220000 - 0x00007ffc32258000 	C:\Program Files\Java\jdk-12\bin\jdwp.dll
0x00007ffc35a30000 - 0x00007ffc35a3e000 	C:\Program Files\Java\jdk-12\bin\instrument.dll
0x00007ffc34a40000 - 0x00007ffc34a57000 	C:\Program Files\Java\jdk-12\bin\zip.dll
0x00007ffc3f480000 - 0x00007ffc3f48a000 	C:\Program Files\Java\jdk-12\bin\jimage.dll
0x00007ffc46970000 - 0x00007ffc470af000 	C:\WINDOWS\System32\SHELL32.dll
0x00007ffc42bd0000 - 0x00007ffc43360000 	C:\WINDOWS\SYSTEM32\windows.storage.dll
0x00007ffc45550000 - 0x00007ffc458a5000 	C:\WINDOWS\System32\combase.dll
0x00007ffc44450000 - 0x00007ffc4447c000 	C:\WINDOWS\SYSTEM32\Wldp.dll
0x00007ffc46630000 - 0x00007ffc466de000 	C:\WINDOWS\System32\SHCORE.dll
0x00007ffc47120000 - 0x00007ffc47175000 	C:\WINDOWS\System32\shlwapi.dll
0x00007ffc44a00000 - 0x00007ffc44a1f000 	C:\WINDOWS\SYSTEM32\profapi.dll
0x00007ffc34dd0000 - 0x00007ffc34dda000 	C:\Program Files\Java\jdk-12\bin\dt_socket.dll
0x00007ffc441b0000 - 0x00007ffc4421a000 	C:\WINDOWS\system32\mswsock.dll
0x00007ffc34450000 - 0x00007ffc34469000 	C:\Program Files\Java\jdk-12\bin\net.dll
0x00007ffc33690000 - 0x00007ffc3387c000 	C:\WINDOWS\SYSTEM32\urlmon.dll
0x00007ffc33a80000 - 0x00007ffc33b88000 	C:\WINDOWS\SYSTEM32\WINHTTP.dll
0x00007ffc33660000 - 0x00007ffc33688000 	C:\WINDOWS\SYSTEM32\srvcli.dll
0x00007ffc43fb0000 - 0x00007ffc43fbc000 	C:\WINDOWS\SYSTEM32\netutils.dll
0x00007ffc33d60000 - 0x00007ffc34010000 	C:\WINDOWS\SYSTEM32\iertutil.dll
0x00007ffc34430000 - 0x00007ffc34443000 	C:\Program Files\Java\jdk-12\bin\nio.dll
0x00007ffc35810000 - 0x00007ffc35819000 	C:\Program Files\Java\jdk-12\bin\management.dll
0x00007ffc357d0000 - 0x00007ffc357dc000 	C:\Program Files\Java\jdk-12\bin\management_ext.dll
0x00007ffc2c820000 - 0x00007ffc2c837000 	C:\WINDOWS\system32\napinsp.dll
0x00007ffc2c870000 - 0x00007ffc2c88b000 	C:\WINDOWS\system32\pnrpnsp.dll
0x00007ffc3d760000 - 0x00007ffc3d775000 	C:\WINDOWS\system32\wshbth.dll
0x00007ffc3e1b0000 - 0x00007ffc3e1cd000 	C:\WINDOWS\system32\NLAapi.dll
0x00007ffc43ea0000 - 0x00007ffc43edb000 	C:\WINDOWS\SYSTEM32\IPHLPAPI.DLL
0x00007ffc43ee0000 - 0x00007ffc43fac000 	C:\WINDOWS\SYSTEM32\DNSAPI.dll
0x00007ffc45a20000 - 0x00007ffc45a28000 	C:\WINDOWS\System32\NSI.dll
0x00007ffc2c850000 - 0x00007ffc2c862000 	C:\WINDOWS\System32\winrnr.dll
0x00007ffc33880000 - 0x00007ffc3388a000 	C:\Windows\System32\rasadhlp.dll
0x00007ffc33a00000 - 0x00007ffc33a7f000 	C:\WINDOWS\System32\fwpuclnt.dll
0x00007ffc44fb0000 - 0x00007ffc44fd7000 	C:\WINDOWS\System32\bcrypt.dll

dbghelp: loaded successfully - version: 4.0.5 - missing functions: none
symbol engine: initialized successfully - sym options: 0x614 - pdb path: .;C:\Program Files\Java\jdk-12\bin;C:\WINDOWS\SYSTEM32;C:\WINDOWS\WinSxS\amd64_microsoft.windows.common-controls_6595b64144ccf1df_6.0.19041.1110_none_60b5254171f9507e;C:\Program Files\Java\jdk-12\bin\server

VM Arguments:
jvm_args: -agentlib:jdwp=transport=dt_socket,address=127.0.0.1:63832,suspend=y,server=n -ea -Didea.test.cyclic.buffer.size=1048576 -javaagent:C:\Users\Shweta\AppData\Local\JetBrains\IdeaIC2020.1\captureAgent\debugger-agent.jar -Dfile.encoding=UTF-8 
java_command: com.intellij.rt.junit.JUnitStarter -ideVersion5 -junit5 @w@C:\Users\Shweta\AppData\Local\Temp\idea_working_dirs_junit.tmp @C:\Users\Shweta\AppData\Local\Temp\idea_junit.tmp
java_class_path (initial): C:\Program Files\JetBrains\IntelliJ IDEA Community Edition 2020.1\lib\idea_rt.jar;C:\Users\Shweta\.m2\repository\org\junit\platform\junit-platform-launcher\1.7.2\junit-platform-launcher-1.7.2.jar;C:\Users\Shweta\.m2\repository\org\junit\vintage\junit-vintage-engine\5.7.2\junit-vintage-engine-5.7.2.jar;C:\Users\Shweta\.m2\repository\junit\junit\4.13\junit-4.13.jar;C:\Users\Shweta\.m2\repository\org\hamcrest\hamcrest-core\1.3\hamcrest-core-1.3.jar;C:\Program Files\JetBrains\IntelliJ IDEA Community Edition 2020.1\plugins\junit\lib\junit5-rt.jar;C:\Program Files\JetBrains\IntelliJ IDEA Community Edition 2020.1\plugins\junit\lib\junit-rt.jar;F:\BenzAssignment\file.service\target\test-classes;F:\BenzAssignment\file.service\target\classes;C:\Users\Shweta\.m2\repository\org\projectlombok\lombok\1.18.20\lombok-1.18.20.jar;C:\Users\Shweta\.m2\repository\org\springframework\boot\spring-boot-starter-web\2.5.4\spring-boot-starter-web-2.5.4.jar;C:\Users\Shweta\.m2\repository\org\springframework\boot\spring-boot-starter\2.5.4\spring-boot-starter-2.5.4.jar;C:\Users\Shweta\.m2\repository\org\springframework\boot\spring-boot\2.5.4\spring-boot-2.5.4.jar;C:\Users\Shweta\.m2\repository\org\springframework\boot\spring-boot-autoconfigure\2.5.4\spring-boot-autoconfigure-2.5.4.jar;C:\Users\Shweta\.m2\repository\org\springframework\boot\spring-boot-starter-logging\2.5.4\spring-boot-starter-logging-2.5.4.jar;C:\Users\Shweta\.m2\repository\ch\qos\logback\logback-classic\1.2.5\logback-classic-1.2.5.jar;C:\Users\Shweta\.m2\repository\ch\qos\logback\logback-core\1.2.5\logback-core-1.2.5.jar;C:\Users\Shweta\.m2\repository\org\apache\logging\log4j\log4j-to-slf4j\2.14.1\log4j-to-slf4j-2.14.1.jar;C:\Users\Shweta\.m2\repository\org\apache\logging\log4j\log4j-api\2.14.1\log4j-api-2.14.1.jar;C:\Users\Shweta\.m2\repository\org\slf4j\jul-to-slf4j\1.7.32\jul-to-slf4j-1.7.32.jar;C:\Users\Shweta\.m2\repository\jakarta\annotation\jakarta.annotation-api\1.3.5\jakarta.annotation-api
Launcher Type: SUN_STANDARD

[Global flags]
     intx CICompilerCount                          = 4                                         {product} {ergonomic}
     uint ConcGCThreads                            = 2                                         {product} {ergonomic}
     uint G1ConcRefinementThreads                  = 8                                         {product} {ergonomic}
   size_t G1HeapRegionSize                         = 1048576                                   {product} {ergonomic}
    uintx GCDrainStackTargetSize                   = 64                                        {product} {ergonomic}
   size_t InitialHeapSize                          = 134217728                                 {product} {ergonomic}
   size_t MarkStackSize                            = 4194304                                   {product} {ergonomic}
   size_t MaxHeapSize                              = 2124414976                                {product} {ergonomic}
   size_t MaxNewSize                               = 1274019840                                {product} {ergonomic}
   size_t MinHeapDeltaBytes                        = 1048576                                   {product} {ergonomic}
    uintx NonNMethodCodeHeapSize                   = 5836300                                {pd product} {ergonomic}
    uintx NonProfiledCodeHeapSize                  = 122910970                              {pd product} {ergonomic}
    uintx ProfiledCodeHeapSize                     = 122910970                              {pd product} {ergonomic}
    uintx ReservedCodeCacheSize                    = 251658240                              {pd product} {ergonomic}
     bool SegmentedCodeCache                       = true                                      {product} {ergonomic}
     bool UseCompressedClassPointers               = true                                 {lp64_product} {ergonomic}
     bool UseCompressedOops                        = true                                 {lp64_product} {ergonomic}
     bool UseG1GC                                  = true                                      {product} {ergonomic}
     bool UseLargePagesIndividualAllocation        = false                                  {pd product} {ergonomic}

Logging:
Log output configuration:
 #0: stdout all=warning uptime,level,tags
 #1: stderr all=off uptime,level,tags

Environment Variables:
JAVA_HOME=C:\Program Files\Java\jre1.8.0_271
PATH=C:\Program Files (x86)\Common Files\Oracle\Java\javapath;C:\WINDOWS\system32;C:\WINDOWS;C:\WINDOWS\System32\Wbem;C:\WINDOWS\System32\WindowsPowerShell\v1.0\;C:\WINDOWS\System32\OpenSSH\;C:\Program Files\nodejs\;C:\zookeeper-3.6.0.tar\zookeeper-3.6.0\bin;C:\Program Files\Git\cmd;C:\Users\Shweta\AppData\Local\Microsoft\WindowsApps;C:\Users\Shweta\AppData\Local\Programs\Microsoft VS Code\bin;C:\Users\Shweta\AppData\Roaming\npm;C:\apache-zookeeper-3.7.0\bin;C:\Program Files\Java\jre1.8.0_271\bin;
USERNAME=Shweta
OS=Windows_NT
PROCESSOR_IDENTIFIER=Intel64 Family 6 Model 142 Stepping 10, GenuineIntel



---------------  S Y S T E M  ---------------

OS: Windows 10 , 64 bit Build 19041 (10.0.19041.1151)

CPU:total 8 (initial active 8) (4 cores per cpu, 2 threads per core) family 6 model 142 stepping 10, cmov, cx8, fxsr, mmx, sse, sse2, sse3, ssse3, sse4.1, sse4.2, popcnt, avx, avx2, aes, clmul, erms, 3dnowpref, lzcnt, ht, tsc, tscinvbit, bmi1, bmi2, adx, fma

Memory: 4k page, system-wide physical 8101M (1041M free)
TotalPageFile size 17883M (AvailPageFile size 2699M)
current process WorkingSet (physical memory assigned to process): 166M, peak: 255M
current process commit charge ("private bytes"): 214M, peak: 308M

vm_info: Java HotSpot(TM) 64-Bit Server VM (12+33) for windows-amd64 JRE (12+33), built on Feb 21 2019 02:31:50 by "mach5one" with MS VC++ 15.5 (VS2017)

END.
