#
# A fatal error has been detected by the Java Runtime Environment:
#
#  EXCEPTION_ACCESS_VIOLATION (0xc0000005) at pc=0x00007ffc031303cb, pid=10036, tid=16756
#
# JRE version: Java(TM) SE Runtime Environment (12.0+33) (build 12+33)
# Java VM: Java HotSpot(TM) 64-Bit Server VM (12+33, mixed mode, sharing, tiered, compressed oops, g1 gc, windows-amd64)
# Problematic frame:
# V  [jvm.dll+0x6c03cb]
#
# No core dump will be written. Minidumps are not enabled by default on client versions of Windows
#
# If you would like to submit a bug report, please visit:
#   http://bugreport.java.com/bugreport/crash.jsp
#

---------------  S U M M A R Y ------------

Command Line: -agentlib:jdwp=transport=dt_socket,address=127.0.0.1:63846,suspend=y,server=n -ea -Didea.test.cyclic.buffer.size=1048576 -javaagent:C:\Users\Shweta\AppData\Local\JetBrains\IdeaIC2020.1\captureAgent\debugger-agent.jar -Dfile.encoding=UTF-8 com.intellij.rt.junit.JUnitStarter -ideVersion5 -junit5 @w@C:\Users\Shweta\AppData\Local\Temp\idea_working_dirs_junit1.tmp @C:\Users\Shweta\AppData\Local\Temp\idea_junit1.tmp

Host: Intel(R) Core(TM) i5-8250U CPU @ 1.60GHz, 8 cores, 7G,  Windows 10 , 64 bit Build 19041 (10.0.19041.1151)
Time: Mon Sep 27 11:49:58 2021 India Standard Time elapsed time: 182 seconds (0d 0h 3m 2s)

---------------  T H R E A D  ---------------

Current thread (0x00000254cafcb800):  VMThread "VM Thread" [stack: 0x000000a04a400000,0x000000a04a500000] [id=16756]

Stack: [0x000000a04a400000,0x000000a04a500000],  sp=0x000000a04a4fea70,  free space=1018k
Native frames: (J=compiled Java code, j=interpreted, Vv=VM code, C=native code)
V  [jvm.dll+0x6c03cb]
V  [jvm.dll+0x34d3d3]
V  [jvm.dll+0x34f2e9]
V  [jvm.dll+0x34fb6e]
V  [jvm.dll+0x34d07c]
V  [jvm.dll+0x34c2b2]
V  [jvm.dll+0x628425]
V  [jvm.dll+0x6281ad]
V  [jvm.dll+0x5ef77a]
V  [jvm.dll+0x504387]
V  [jvm.dll+0x78dccc]
V  [jvm.dll+0x791b27]
V  [jvm.dll+0x792366]
V  [jvm.dll+0x792697]
V  [jvm.dll+0x748648]
V  [jvm.dll+0x638566]
C  [ucrtbase.dll+0x21bb2]
C  [KERNEL32.DLL+0x17034]
C  [ntdll.dll+0x52651]


siginfo: EXCEPTION_ACCESS_VIOLATION (0xc0000005), reading address 0x0000000000380018


Register to memory mapping:

RIP=0x00007ffc031303cb jvm.dll
RAX=0x000000a04a4feb00 points into unknown readable memory: 30 00 00 46 00 00 00 00
RBX=0x000000a04a4fead0 points into unknown readable memory: 80 e1 30 03 fc 7f 00 00
RCX=0x0 is NULL
RDX=0x0000000000380012 is an unknown value
RSP=0x000000a04a4fea70 points into unknown readable memory: d0 ea 4f 4a a0 00 00 00
RBP=0x000000a04a4fefe0 points into unknown readable memory: 08 33 fb ca 54 02 00 00
RSI=0x0 is NULL
RDI=0x0000000000380012 is an unknown value
R8 =0x0 is NULL
R9 =0x00000254cb522b18 is pointing into metadata
R10=0x00007ffc02a70000 jvm.dll
R11=0x000000a04a4fef30 points into unknown readable memory: b0 ef 4f 4a a0 00 00 00
R12=0x00000254cafb2fe0 points into unknown readable memory: 00 90 34 03 00 00 00 00
R13=0x0 is NULL
R14=0x00000254cb5234db is pointing into metadata
R15=0x000000000000004f is an unknown value


Registers:
RAX=0x000000a04a4feb00, RBX=0x000000a04a4fead0, RCX=0x0000000000000000, RDX=0x0000000000380012
RSP=0x000000a04a4fea70, RBP=0x000000a04a4fefe0, RSI=0x0000000000000000, RDI=0x0000000000380012
R8 =0x0000000000000000, R9 =0x00000254cb522b18, R10=0x00007ffc02a70000, R11=0x000000a04a4fef30
R12=0x00000254cafb2fe0, R13=0x0000000000000000, R14=0x00000254cb5234db, R15=0x000000000000004f
RIP=0x00007ffc031303cb, EFLAGS=0x0000000000010246

Top of Stack: (sp=0x000000a04a4fea70)
0x000000a04a4fea70:   000000a04a4fead0 00000254cbfca0ca
0x000000a04a4fea80:   0000000000000000 00007ffc0313094b
0x000000a04a4fea90:   0000000000000000 00007ffc02dbd3d3
0x000000a04a4feaa0:   0000000000000000 000000a04a4ff150
0x000000a04a4feab0:   000000a04a4ff080 00007ffc0313010a
0x000000a04a4feac0:   000000a04a4feb20 00000000000003ff
0x000000a04a4fead0:   00007ffc0330e180 0000000000380012
0x000000a04a4feae0:   0000000000000000 00007ffc0000000c
0x000000a04a4feaf0:   000000a04a4feb00 000000a000000000
0x000000a04a4feb00:   0000000046000030 00000254cafb3020
0x000000a04a4feb10:   4fffffff4fffffff 000000004fffffff
0x000000a04a4feb20:   00007ffc0330e180 00007ffc44d12437
0x000000a04a4feb30:   0000000000000016 000000000000000e
0x000000a04a4feb40:   000000a04a4feb60 0000000000000003
0x000000a04a4feb50:   000000a04a4ff108 00007ffc44d11131
0x000000a04a4feb60:   000000a04a4feca0 000000a04a4fed40 

Instructions: (pc=0x00007ffc031303cb)
0x00007ffc031303ab:   cc cc cc cc cc 40 53 48 83 ec 20 c7 41 10 00 00
0x00007ffc031303bb:   00 00 48 8b d9 48 89 7c 24 38 48 8b 79 08 33 c9
0x00007ffc031303cb:   80 7f 06 28 74 26 44 8d 49 28 8d 51 35 48 8d 0d
0x00007ffc031303db:   11 bf 22 00 4c 8d 05 fa be 22 00 e8 65 1a ba ff 


Stack slot to memory mapping:
stack at sp + 0 slots: 0x000000a04a4fead0 points into unknown readable memory: 80 e1 30 03 fc 7f 00 00
stack at sp + 1 slots: 0x00000254cbfca0ca points into unknown readable memory: 7c 8b 48 25 29 10
stack at sp + 2 slots: 0x0 is NULL
stack at sp + 3 slots: 0x00007ffc0313094b jvm.dll
stack at sp + 4 slots: 0x0 is NULL
stack at sp + 5 slots: 0x00007ffc02dbd3d3 jvm.dll
stack at sp + 6 slots: 0x0 is NULL
stack at sp + 7 slots: 0x000000a04a4ff150 points into unknown readable memory: 68 b4 34 03 fc 7f 00 00

VM_Operation (0x000000a04aeff7a0): GetOrSetLocal, mode: safepoint, requested by thread 0x00000254cbabe800


---------------  P R O C E S S  ---------------

Threads class SMR info:
_java_thread_list=0x00000254cfa285b0, length=13, elements={
0x00000254ac305000, 0x00000254cafcd000, 0x00000254cafcf000, 0x00000254cafe8800,
0x00000254cafe9800, 0x00000254cafee000, 0x00000254caff5800, 0x00000254caff7000,
0x00000254cba2c800, 0x00000254cbabe800, 0x00000254cbac5800, 0x00000254cbac7800,
0x00000254cbf40800
}

Java Threads: ( => current thread )
  0x00000254ac305000 JavaThread "main" [_thread_blocked, id=13288, stack(0x000000a049e00000,0x000000a049f00000)]
  0x00000254cafcd000 JavaThread "Reference Handler" daemon [_thread_blocked, id=18724, stack(0x000000a04a500000,0x000000a04a600000)]
  0x00000254cafcf000 JavaThread "Finalizer" daemon [_thread_blocked, id=19032, stack(0x000000a04a600000,0x000000a04a700000)]
  0x00000254cafe8800 JavaThread "Signal Dispatcher" daemon [_thread_blocked, id=3172, stack(0x000000a04a700000,0x000000a04a800000)]
  0x00000254cafe9800 JavaThread "Attach Listener" daemon [_thread_blocked, id=25188, stack(0x000000a04a800000,0x000000a04a900000)]
  0x00000254cafee000 JavaThread "C2 CompilerThread0" daemon [_thread_blocked, id=8624, stack(0x000000a04a900000,0x000000a04aa00000)]
  0x00000254caff5800 JavaThread "C1 CompilerThread0" daemon [_thread_blocked, id=14348, stack(0x000000a04aa00000,0x000000a04ab00000)]
  0x00000254caff7000 JavaThread "Sweeper thread" daemon [_thread_blocked, id=11956, stack(0x000000a04ab00000,0x000000a04ac00000)]
  0x00000254cba2c800 JavaThread "Common-Cleaner" daemon [_thread_blocked, id=9156, stack(0x000000a04ac00000,0x000000a04ad00000)]
  0x00000254cbabe800 JavaThread "JDWP Transport Listener: dt_socket" daemon [_thread_blocked, id=25352, stack(0x000000a04ae00000,0x000000a04af00000)] _threads_hazard_ptr=0x00000254cfa285b0
  0x00000254cbac5800 JavaThread "JDWP Event Helper Thread" daemon [_thread_blocked, id=18832, stack(0x000000a04af00000,0x000000a04b000000)]
  0x00000254cbac7800 JavaThread "JDWP Command Reader" daemon [_thread_in_native, id=12704, stack(0x000000a04b000000,0x000000a04b100000)]
  0x00000254cbf40800 JavaThread "Service Thread" daemon [_thread_blocked, id=3456, stack(0x000000a04b100000,0x000000a04b200000)]

Other Threads:
=>0x00000254cafcb800 VMThread "VM Thread" [stack: 0x000000a04a400000,0x000000a04a500000] [id=16756]
  0x00000254cbf43000 WatcherThread [stack: 0x000000a04b200000,0x000000a04b300000] [id=2252]
  0x00000254ac342800 GCTaskThread "GC Thread#0" [stack: 0x000000a049f00000,0x000000a04a000000] [id=20292]
  0x00000254cc189000 GCTaskThread "GC Thread#1" [stack: 0x000000a04b300000,0x000000a04b400000] [id=11012]
  0x00000254cc2c8000 GCTaskThread "GC Thread#2" [stack: 0x000000a04b400000,0x000000a04b500000] [id=9420]
  0x00000254ce6b5000 GCTaskThread "GC Thread#3" [stack: 0x000000a04b600000,0x000000a04b700000] [id=6128]
  0x00000254ac350000 ConcurrentGCThread "G1 Main Marker" [stack: 0x000000a04a000000,0x000000a04a100000] [id=11576]
  0x00000254ac353800 ConcurrentGCThread "G1 Conc#0" [stack: 0x000000a04a100000,0x000000a04a200000] [id=5948]
  0x00000254ce8d6800 ConcurrentGCThread "G1 Conc#1" [stack: 0x000000a04b700000,0x000000a04b800000] [id=7932]
  0x00000254cae46800 ConcurrentGCThread "G1 Refine#0" [stack: 0x000000a04a200000,0x000000a04a300000] [id=11628]
  0x00000254cae47800 ConcurrentGCThread "G1 Young RemSet Sampling" [stack: 0x000000a04a300000,0x000000a04a400000] [id=16860]

Threads with active compile tasks:

VM state:at safepoint (normal execution)

VM Mutex/Monitor currently owned by a thread:  ([mutex/lock_event])
[0x00000254ac300790] Threads_lock - owner thread: 0x00000254cafcb800

Heap address: 0x0000000081600000, size: 2026 MB, Compressed Oops mode: 32-bit
Narrow klass base: 0x0000000800000000, Narrow klass shift: 3
Compressed class space size: 1073741824 Address: 0x00000008011a0000

Heap:
 garbage-first heap   total 59392K, used 32193K [0x0000000081600000, 0x0000000100000000)
  region size 1024K, 16 young (16384K), 2 survivors (2048K)
 Metaspace       used 33831K, capacity 35312K, committed 35456K, reserved 1079296K
  class space    used 4598K, capacity 5150K, committed 5248K, reserved 1048576K
Heap Regions: E=young(eden), S=young(survivor), O=old, HS=humongous(starts), HC=humongous(continues), CS=collection set, F=free, A=archive, TAMS=top-at-mark-start (previous, next)
|   0|0x0000000081600000, 0x0000000081700000, 0x0000000081700000|100%| O|  |TAMS 0x0000000081700000, 0x0000000081600000| Untracked 
|   1|0x0000000081700000, 0x0000000081800000, 0x0000000081800000|100%| O|  |TAMS 0x0000000081800000, 0x0000000081700000| Untracked 
|   2|0x0000000081800000, 0x0000000081900000, 0x0000000081900000|100%| O|  |TAMS 0x0000000081900000, 0x0000000081800000| Untracked 
|   3|0x0000000081900000, 0x0000000081a00000, 0x0000000081a00000|100%| O|  |TAMS 0x000000008192ac00, 0x0000000081900000| Untracked 
|   4|0x0000000081a00000, 0x0000000081b00000, 0x0000000081b00000|100%| O|  |TAMS 0x0000000081a00000, 0x0000000081a00000| Untracked 
|   5|0x0000000081b00000, 0x0000000081b99200, 0x0000000081c00000| 59%| O|  |TAMS 0x0000000081b00000, 0x0000000081b00000| Untracked 
|   6|0x0000000081c00000, 0x0000000081d00000, 0x0000000081d00000|100%| O|  |TAMS 0x0000000081c00000, 0x0000000081c00000| Untracked 
|   7|0x0000000081d00000, 0x0000000081e00000, 0x0000000081e00000|100%| O|  |TAMS 0x0000000081d00000, 0x0000000081d00000| Untracked 
|   8|0x0000000081e00000, 0x0000000081f00000, 0x0000000081f00000|100%| O|  |TAMS 0x0000000081e00000, 0x0000000081e00000| Untracked 
|   9|0x0000000081f00000, 0x0000000082000000, 0x0000000082000000|100%| O|  |TAMS 0x0000000081f00000, 0x0000000081f00000| Untracked 
|  10|0x0000000082000000, 0x0000000082100000, 0x0000000082100000|100%| O|  |TAMS 0x0000000082000000, 0x0000000082000000| Untracked 
|  11|0x0000000082100000, 0x0000000082200000, 0x0000000082200000|100%| O|  |TAMS 0x0000000082100000, 0x0000000082100000| Untracked 
|  12|0x0000000082200000, 0x0000000082300000, 0x0000000082300000|100%| O|  |TAMS 0x0000000082200000, 0x0000000082200000| Untracked 
|  13|0x0000000082300000, 0x0000000082400000, 0x0000000082400000|100%| O|  |TAMS 0x0000000082300000, 0x0000000082300000| Untracked 
|  14|0x0000000082400000, 0x0000000082500000, 0x0000000082500000|100%| O|  |TAMS 0x0000000082400000, 0x0000000082400000| Untracked 
|  15|0x0000000082500000, 0x0000000082600000, 0x0000000082600000|100%| O|  |TAMS 0x0000000082500000, 0x0000000082500000| Untracked 
|  16|0x0000000082600000, 0x00000000826d7400, 0x0000000082700000| 84%| O|  |TAMS 0x0000000082600000, 0x0000000082600000| Untracked 
|  17|0x0000000082700000, 0x0000000082700000, 0x0000000082800000|  0%| F|  |TAMS 0x0000000082700000, 0x0000000082700000| Untracked 
|  18|0x0000000082800000, 0x0000000082800000, 0x0000000082900000|  0%| F|  |TAMS 0x0000000082800000, 0x0000000082800000| Untracked 
|  19|0x0000000082900000, 0x0000000082900000, 0x0000000082a00000|  0%| F|  |TAMS 0x0000000082900000, 0x0000000082900000| Untracked 
|  20|0x0000000082a00000, 0x0000000082a00000, 0x0000000082b00000|  0%| F|  |TAMS 0x0000000082a00000, 0x0000000082a00000| Untracked 
|  21|0x0000000082b00000, 0x0000000082b00000, 0x0000000082c00000|  0%| F|  |TAMS 0x0000000082b00000, 0x0000000082b00000| Untracked 
|  22|0x0000000082c00000, 0x0000000082c00000, 0x0000000082d00000|  0%| F|  |TAMS 0x0000000082c00000, 0x0000000082c00000| Untracked 
|  23|0x0000000082d00000, 0x0000000082d00000, 0x0000000082e00000|  0%| F|  |TAMS 0x0000000082d00000, 0x0000000082d00000| Untracked 
|  24|0x0000000082e00000, 0x0000000082e00000, 0x0000000082f00000|  0%| F|  |TAMS 0x0000000082e00000, 0x0000000082e00000| Untracked 
|  25|0x0000000082f00000, 0x0000000082f00000, 0x0000000083000000|  0%| F|  |TAMS 0x0000000082f00000, 0x0000000082f00000| Untracked 
|  26|0x0000000083000000, 0x0000000083000000, 0x0000000083100000|  0%| F|  |TAMS 0x0000000083000000, 0x0000000083000000| Untracked 
|  27|0x0000000083100000, 0x0000000083100000, 0x0000000083200000|  0%| F|  |TAMS 0x0000000083100000, 0x0000000083100000| Untracked 
|  28|0x0000000083200000, 0x0000000083200000, 0x0000000083300000|  0%| F|  |TAMS 0x0000000083200000, 0x0000000083200000| Untracked 
|  29|0x0000000083300000, 0x0000000083300000, 0x0000000083400000|  0%| F|  |TAMS 0x0000000083300000, 0x0000000083300000| Untracked 
|  30|0x0000000083400000, 0x0000000083400000, 0x0000000083500000|  0%| F|  |TAMS 0x0000000083400000, 0x0000000083400000| Untracked 
|  31|0x0000000083500000, 0x0000000083500000, 0x0000000083600000|  0%| F|  |TAMS 0x0000000083500000, 0x0000000083500000| Untracked 
|  32|0x0000000083600000, 0x0000000083600000, 0x0000000083700000|  0%| F|  |TAMS 0x0000000083600000, 0x0000000083600000| Untracked 
|  33|0x0000000083700000, 0x0000000083700000, 0x0000000083800000|  0%| F|  |TAMS 0x0000000083700000, 0x0000000083700000| Untracked 
|  34|0x0000000083800000, 0x0000000083900000, 0x0000000083900000|100%| S|CS|TAMS 0x0000000083800000, 0x0000000083800000| Complete 
|  35|0x0000000083900000, 0x0000000083a00000, 0x0000000083a00000|100%| S|CS|TAMS 0x0000000083900000, 0x0000000083900000| Complete 
|  36|0x0000000083a00000, 0x0000000083a00000, 0x0000000083b00000|  0%| F|  |TAMS 0x0000000083a00000, 0x0000000083a00000| Untracked 
|  37|0x0000000083b00000, 0x0000000083b00000, 0x0000000083c00000|  0%| F|  |TAMS 0x0000000083b00000, 0x0000000083b00000| Untracked 
|  38|0x0000000083c00000, 0x0000000083c00000, 0x0000000083d00000|  0%| F|  |TAMS 0x0000000083c00000, 0x0000000083c00000| Untracked 
|  39|0x0000000083d00000, 0x0000000083d00000, 0x0000000083e00000|  0%| F|  |TAMS 0x0000000083d00000, 0x0000000083d00000| Untracked 
|  40|0x0000000083e00000, 0x0000000083e00000, 0x0000000083f00000|  0%| F|  |TAMS 0x0000000083e00000, 0x0000000083e00000| Untracked 
|  41|0x0000000083f00000, 0x0000000083f00000, 0x0000000084000000|  0%| F|  |TAMS 0x0000000083f00000, 0x0000000083f00000| Untracked 
|  42|0x0000000084000000, 0x0000000084000000, 0x0000000084100000|  0%| F|  |TAMS 0x0000000084000000, 0x0000000084000000| Untracked 
|  43|0x0000000084100000, 0x0000000084100000, 0x0000000084200000|  0%| F|  |TAMS 0x0000000084100000, 0x0000000084100000| Untracked 
|  44|0x0000000084200000, 0x00000000842bba90, 0x0000000084300000| 73%| E|  |TAMS 0x0000000084200000, 0x0000000084200000| Complete 
|  45|0x0000000084300000, 0x0000000084400000, 0x0000000084400000|100%| E|CS|TAMS 0x0000000084300000, 0x0000000084300000| Complete 
|  46|0x0000000084400000, 0x0000000084500000, 0x0000000084500000|100%| E|CS|TAMS 0x0000000084400000, 0x0000000084400000| Complete 
|  47|0x0000000084500000, 0x0000000084600000, 0x0000000084600000|100%| E|CS|TAMS 0x0000000084500000, 0x0000000084500000| Complete 
|  48|0x0000000084600000, 0x0000000084700000, 0x0000000084700000|100%| E|CS|TAMS 0x0000000084600000, 0x0000000084600000| Complete 
|  49|0x0000000084700000, 0x0000000084800000, 0x0000000084800000|100%| E|CS|TAMS 0x0000000084700000, 0x0000000084700000| Complete 
|  50|0x0000000084800000, 0x0000000084900000, 0x0000000084900000|100%| E|CS|TAMS 0x0000000084800000, 0x0000000084800000| Complete 
|  51|0x0000000084900000, 0x0000000084a00000, 0x0000000084a00000|100%| E|CS|TAMS 0x0000000084900000, 0x0000000084900000| Complete 
|  84|0x0000000086a00000, 0x0000000086b00000, 0x0000000086b00000|100%| E|CS|TAMS 0x0000000086a00000, 0x0000000086a00000| Complete 
|  85|0x0000000086b00000, 0x0000000086c00000, 0x0000000086c00000|100%| E|CS|TAMS 0x0000000086b00000, 0x0000000086b00000| Complete 
|  86|0x0000000086c00000, 0x0000000086d00000, 0x0000000086d00000|100%| E|CS|TAMS 0x0000000086c00000, 0x0000000086c00000| Complete 
|  87|0x0000000086d00000, 0x0000000086e00000, 0x0000000086e00000|100%| E|CS|TAMS 0x0000000086d00000, 0x0000000086d00000| Complete 
|  88|0x0000000086e00000, 0x0000000086f00000, 0x0000000086f00000|100%| E|CS|TAMS 0x0000000086e00000, 0x0000000086e00000| Complete 
| 127|0x0000000089500000, 0x0000000089600000, 0x0000000089600000|100%| E|CS|TAMS 0x0000000089500000, 0x0000000089500000| Complete 

Card table byte_map: [0x00000254c3e40000,0x00000254c4240000] _byte_map_base: 0x00000254c3a35000

Marking Bits (Prev, Next): (CMBitMap*) 0x00000254ac343418, (CMBitMap*) 0x00000254ac3433d8
 Prev Bits: [0x00000254c65f0000, 0x00000254c8598000)
 Next Bits: [0x00000254c4640000, 0x00000254c65e8000)

Polling page: 0x00000254abae0000

Metaspace:

Usage:
  Non-class:     29.46 MB capacity,    28.55 MB ( 97%) used,   760.62 KB (  3%) free+waste,   168.38 KB ( <1%) overhead. 
      Class:      5.03 MB capacity,     4.49 MB ( 89%) used,   469.59 KB (  9%) free+waste,    82.06 KB (  2%) overhead. 
       Both:     34.48 MB capacity,    33.04 MB ( 96%) used,     1.20 MB (  3%) free+waste,   250.44 KB ( <1%) overhead. 

Virtual space:
  Non-class space:       30.00 MB reserved,      29.50 MB ( 98%) committed 
      Class space:        1.00 GB reserved,       5.13 MB ( <1%) committed 
             Both:        1.03 GB reserved,      34.63 MB (  3%) committed 

Chunk freelists:
   Non-Class:  5.75 KB
       Class:  256 bytes
        Both:  6.00 KB

CodeHeap 'non-profiled nmethods': size=120000Kb used=2519Kb max_used=2519Kb free=117480Kb
 bounds [0x00000254bc1e0000, 0x00000254bc460000, 0x00000254c3710000]
CodeHeap 'profiled nmethods': size=120000Kb used=9917Kb max_used=9917Kb free=110082Kb
 bounds [0x00000254b4cb0000, 0x00000254b5660000, 0x00000254bc1e0000]
CodeHeap 'non-nmethods': size=5760Kb used=1256Kb max_used=1355Kb free=4503Kb
 bounds [0x00000254b4710000, 0x00000254b4980000, 0x00000254b4cb0000]
 total_blobs=5374 nmethods=4037 adapters=413
 compilation: enabled
              stopped_count=0, restarted_count=0
 full_count=0

Compilation events (10 events):
Event: 8.306 Thread 0x00000254caff5800 nmethod 4048 0x00000254b565e310 code [0x00000254b565e520, 0x00000254b565eb90]
Event: 8.307 Thread 0x00000254caff5800 4049       1       org.mockito.internal.configuration.plugins.PluginRegistry::getMockResolvers (5 bytes)
Event: 8.307 Thread 0x00000254caff5800 nmethod 4049 0x00000254bc43dc90 code [0x00000254bc43de40, 0x00000254bc43df78]
Event: 8.319 Thread 0x00000254cc92e000 nmethod 4047 0x00000254bc43e010 code [0x00000254bc43e1e0, 0x00000254bc43e958]
Event: 8.319 Thread 0x00000254cc92e000 4050       4       java.lang.StringUTF16::getChar (60 bytes)
Event: 8.320 Thread 0x00000254cafee000 nmethod 4046 0x00000254bc43ee10 code [0x00000254bc43f000, 0x00000254bc43fa98]
Event: 8.321 Thread 0x00000254cc92e000 nmethod 4050 0x00000254bc440190 code [0x00000254bc440320, 0x00000254bc4403f8]
Event: 8.322 Thread 0x00000254caff5800 4051       3       java.lang.String::hashCode (49 bytes)
Event: 8.323 Thread 0x00000254caff5800 nmethod 4051 0x00000254b565ed90 code [0x00000254b565ef80, 0x00000254b565f410]
Event: 9.204 Thread 0x00000254cbc88000 nmethod 3653 0x00000254bc440510 code [0x00000254bc441280, 0x00000254bc44ca70]

GC Heap History (10 events):
Event: 6.168 GC heap before
{Heap before GC invocations=7 (full 0):
 garbage-first heap   total 49152K, used 34499K [0x0000000081600000, 0x0000000100000000)
  region size 1024K, 23 young (23552K), 3 survivors (3072K)
 Metaspace       used 26702K, capacity 27879K, committed 28032K, reserved 1073152K
  class space    used 3428K, capacity 3875K, committed 3968K, reserved 1048576K
}
Event: 6.184 GC heap after
{Heap after GC invocations=8 (full 0):
 garbage-first heap   total 49152K, used 15508K [0x0000000081600000, 0x0000000100000000)
  region size 1024K, 2 young (2048K), 2 survivors (2048K)
 Metaspace       used 26702K, capacity 27879K, committed 28032K, reserved 1073152K
  class space    used 3428K, capacity 3875K, committed 3968K, reserved 1048576K
}
Event: 6.593 GC heap before
{Heap before GC invocations=8 (full 0):
 garbage-first heap   total 49152K, used 35988K [0x0000000081600000, 0x0000000100000000)
  region size 1024K, 22 young (22528K), 2 survivors (2048K)
 Metaspace       used 27918K, capacity 29177K, committed 29440K, reserved 1075200K
  class space    used 3584K, capacity 4071K, committed 4096K, reserved 1048576K
}
Event: 6.607 GC heap after
{Heap after GC invocations=9 (full 0):
 garbage-first heap   total 49152K, used 16996K [0x0000000081600000, 0x0000000100000000)
  region size 1024K, 3 young (3072K), 3 survivors (3072K)
 Metaspace       used 27918K, capacity 29177K, committed 29440K, reserved 1075200K
  class space    used 3584K, capacity 4071K, committed 4096K, reserved 1048576K
}
Event: 6.997 GC heap before
{Heap before GC invocations=9 (full 0):
 garbage-first heap   total 49152K, used 36452K [0x0000000081600000, 0x0000000100000000)
  region size 1024K, 22 young (22528K), 3 survivors (3072K)
 Metaspace       used 28513K, capacity 29781K, committed 30080K, reserved 1075200K
  class space    used 3659K, capacity 4143K, committed 4224K, reserved 1048576K
}
Event: 7.010 GC heap after
{Heap after GC invocations=10 (full 0):
 garbage-first heap   total 49152K, used 18295K [0x0000000081600000, 0x0000000100000000)
  region size 1024K, 3 young (3072K), 3 survivors (3072K)
 Metaspace       used 28513K, capacity 29781K, committed 30080K, reserved 1075200K
  class space    used 3659K, capacity 4143K, committed 4224K, reserved 1048576K
}
Event: 7.478 GC heap before
{Heap before GC invocations=10 (full 0):
 garbage-first heap   total 49152K, used 36727K [0x0000000081600000, 0x0000000100000000)
  region size 1024K, 21 young (21504K), 3 survivors (3072K)
 Metaspace       used 29729K, capacity 31136K, committed 31360K, reserved 1077248K
  class space    used 3848K, capacity 4384K, committed 4480K, reserved 1048576K
}
Event: 7.489 GC heap after
{Heap after GC invocations=11 (full 0):
 garbage-first heap   total 59392K, used 18627K [0x0000000081600000, 0x0000000100000000)
  region size 1024K, 2 young (2048K), 2 survivors (2048K)
 Metaspace       used 29729K, capacity 31136K, committed 31360K, reserved 1077248K
  class space    used 3848K, capacity 4384K, committed 4480K, reserved 1048576K
}
Event: 8.022 GC heap before
{Heap before GC invocations=11 (full 0):
 garbage-first heap   total 59392K, used 41155K [0x0000000081600000, 0x0000000100000000)
  region size 1024K, 24 young (24576K), 2 survivors (2048K)
 Metaspace       used 32573K, capacity 33997K, committed 34176K, reserved 1079296K
  class space    used 4359K, capacity 4908K, committed 4992K, reserved 1048576K
}
Event: 8.029 GC heap after
{Heap after GC invocations=12 (full 0):
 garbage-first heap   total 59392K, used 18881K [0x0000000081600000, 0x0000000100000000)
  region size 1024K, 2 young (2048K), 2 survivors (2048K)
 Metaspace       used 32573K, capacity 33997K, committed 34176K, reserved 1079296K
  class space    used 4359K, capacity 4908K, committed 4992K, reserved 1048576K
}

Deoptimization events (10 events):
Event: 6.941 Thread 0x00000254ac305000 Uncommon trap: reason=unstable_if action=reinterpret pc=0x00000254bc37fa88 method=org.springframework.beans.factory.support.DefaultSingletonBeanRegistry.getSingleton(Ljava/lang/String;Z)Ljava/lang/Object; @ 39 c2
Event: 7.303 Thread 0x00000254ac305000 Uncommon trap: reason=unstable_if action=reinterpret pc=0x00000254bc3e167c method=org.springframework.core.annotation.AnnotationsScanner.processMethodHierarchy(Ljava/lang/Object;[ILjava/lang/Class;Lorg/springframework/core/annotation/AnnotationsProcessor;
Event: 7.331 Thread 0x00000254ac305000 Uncommon trap: reason=unstable_if action=reinterpret pc=0x00000254bc29ba28 method=org.springframework.util.ConcurrentReferenceHashMap$Segment.clear()V @ 7 c2
Event: 7.385 Thread 0x00000254ac305000 Uncommon trap: reason=unstable_if action=reinterpret pc=0x00000254bc2d2b30 method=java.util.LinkedHashMap.get(Ljava/lang/Object;)Ljava/lang/Object; @ 20 c2
Event: 7.934 Thread 0x00000254ac305000 Uncommon trap: reason=unstable_if action=reinterpret pc=0x00000254bc331c0c method=jdk.internal.module.SystemModuleFinders$SystemModuleReader.find(Ljava/lang/String;)Ljava/util/Optional; @ 7 c2
Event: 7.999 Thread 0x00000254ac305000 Uncommon trap: reason=class_check action=maybe_recompile pc=0x00000254bc25b330 method=java.util.HashMap.putVal(ILjava/lang/Object;Ljava/lang/Object;ZZ)Ljava/lang/Object; @ 203 c2
Event: 8.316 Thread 0x00000254ac305000 Uncommon trap: reason=unstable_if action=reinterpret pc=0x00000254bc1f1564 method=java.lang.CharacterData.of(I)Ljava/lang/CharacterData; @ 4 c2
Event: 8.321 Thread 0x00000254ac305000 Uncommon trap: reason=unstable_if action=reinterpret pc=0x00000254bc1e7ad4 method=java.lang.String.isLatin1()Z @ 10 c2
Event: 36.356 Thread 0x00000254cbabe800 Uncommon trap: reason=unstable_if action=reinterpret pc=0x00000254bc41dfd8 method=sun.instrument.InstrumentationImpl.transform(Ljava/lang/Module;Ljava/lang/ClassLoader;Ljava/lang/String;Ljava/lang/Class;Ljava/security/ProtectionDomain;[BZ)[B @ 24 c2
Event: 36.356 Thread 0x00000254cbabe800 Uncommon trap: reason=unstable_if action=reinterpret pc=0x00000254bc430ed8 method=com.intellij.rt.debugger.agent.CaptureAgent$CaptureTransformer.transform(Ljava/lang/ClassLoader;Ljava/lang/String;Ljava/lang/Class;Ljava/security/ProtectionDomain;[B)[B @ 5 

Classes redefined (4 events):
Event: 36.415 Thread 0x00000254cafcb800 redefined class name=ApplicationTests, count=1
Event: 95.163 Thread 0x00000254cafcb800 redefined class name=ApplicationTests, count=2
Event: 137.749 Thread 0x00000254cafcb800 redefined class name=ApplicationTests, count=3
Event: 182.107 Thread 0x00000254cafcb800 redefined class name=ApplicationTests, count=4

Internal exceptions (10 events):
Event: 7.315 Thread 0x00000254ac305000 Exception <a 'java/lang/NoSuchMethodError'{0x00000000839b0b70}: java.lang.invoke.DirectMethodHandle$Holder.invokeSpecial(Ljava/lang/Object;Ljava/lang/Object;ILjava/lang/Object;ILjava/lang/Object;)Ljava/lang/Object;> (0x00000000839b0b70) thrown at [t:/work
Event: 7.316 Thread 0x00000254ac305000 Exception <a 'java/lang/NoSuchMethodError'{0x00000000839b8178}: java.lang.invoke.DirectMethodHandle$Holder.invokeStatic(Ljava/lang/Object;Ljava/lang/Object;ILjava/lang/Object;I)Ljava/lang/Object;> (0x00000000839b8178) thrown at [t:/workspace/open/src/hots
Event: 7.317 Thread 0x00000254ac305000 Exception <a 'java/lang/NoSuchMethodError'{0x00000000839bba68}: java.lang.invoke.DirectMethodHandle$Holder.invokeSpecial(Ljava/lang/Object;Ljava/lang/Object;Ljava/lang/Object;ILjava/lang/Object;I)Ljava/lang/Object;> (0x00000000839bba68) thrown at [t:/work
Event: 7.319 Thread 0x00000254ac305000 Exception <a 'java/lang/NoSuchMethodError'{0x00000000839c7580}: java.lang.invoke.DirectMethodHandle$Holder.invokeVirtual(Ljava/lang/Object;Ljava/lang/Object;)V> (0x00000000839c7580) thrown at [t:/workspace/open/src/hotspot/share/interpreter/linkResolver.c
Event: 7.385 Thread 0x00000254ac305000 Exception <a 'java/lang/ClassNotFoundException'{0x00000000837874f8}: java/lang/ObjectCustomizer> (0x00000000837874f8) thrown at [t:/workspace/open/src/hotspot/share/classfile/systemDictionary.cpp, line 235]
Event: 7.387 Thread 0x00000254ac305000 Exception <a 'java/lang/ClassNotFoundException'{0x000000008379aac0}: com/benzassignment/file/service/ApplicationTestsCustomizer> (0x000000008379aac0) thrown at [t:/workspace/open/src/hotspot/share/classfile/systemDictionary.cpp, line 235]
Event: 7.405 Thread 0x00000254ac305000 Exception <a 'java/lang/NoSuchMethodError'{0x00000000836177e8}: java.lang.invoke.DirectMethodHandle$Holder.invokeStatic(Ljava/lang/Object;Ljava/lang/Object;Ljava/lang/Object;Ljava/lang/Object;I)Ljava/lang/Object;> (0x00000000836177e8) thrown at [t:/worksp
Event: 7.405 Thread 0x00000254ac305000 Exception <a 'java/lang/NoSuchMethodError'{0x000000008361b1e8}: java.lang.invoke.DirectMethodHandle$Holder.invokeSpecial(Ljava/lang/Object;Ljava/lang/Object;Ljava/lang/Object;Ljava/lang/Object;Ljava/lang/Object;I)Ljava/lang/Object;> (0x000000008361b1e8) t
Event: 7.406 Thread 0x00000254ac305000 Exception <a 'java/lang/NoSuchMethodError'{0x000000008361e468}: java.lang.invoke.Invokers$Holder.linkToTargetMethod(Ljava/lang/Object;Ljava/lang/Object;Ljava/lang/Object;ILjava/lang/Object;)Ljava/lang/Object;> (0x000000008361e468) thrown at [t:/workspace/
Event: 8.184 Thread 0x00000254ac305000 Exception <a 'java/lang/ClassNotFoundException'{0x00000000849c7650}: java/lang/ClassLoader$ByteBuddyAccessor$xCQjqzRz> (0x00000000849c7650) thrown at [t:/workspace/open/src/hotspot/share/classfile/systemDictionary.cpp, line 235]

Events (10 events):
Event: 182.222 Executing VM operation: ChangeBreakpoints done
Event: 182.223 Executing VM operation: ChangeBreakpoints
Event: 182.227 Executing VM operation: ChangeBreakpoints done
Event: 182.243 Executing VM operation: GetFrameCount
Event: 182.243 Executing VM operation: GetFrameCount done
Event: 182.243 Executing VM operation: GetStackTrace
Event: 182.243 Executing VM operation: GetStackTrace done
Event: 182.246 Executing VM operation: GetFrameLocation
Event: 182.246 Executing VM operation: GetFrameLocation done
Event: 182.246 Executing VM operation: GetOrSetLocal


Dynamic libraries:
0x00007ff7f7500000 - 0x00007ff7f750f000 	C:\Program Files\Java\jdk-12\bin\java.exe
0x00007ffc47390000 - 0x00007ffc47585000 	C:\WINDOWS\SYSTEM32\ntdll.dll
0x00007ffc453f0000 - 0x00007ffc454ad000 	C:\WINDOWS\System32\KERNEL32.DLL
0x00007ffc44fe0000 - 0x00007ffc452a9000 	C:\WINDOWS\System32\KERNELBASE.dll
0x00007ffc44d00000 - 0x00007ffc44e00000 	C:\WINDOWS\System32\ucrtbase.dll
0x00007ffc35720000 - 0x00007ffc35738000 	C:\Program Files\Java\jdk-12\bin\jli.dll
0x00007ffc34c00000 - 0x00007ffc34c16000 	C:\Program Files\Java\jdk-12\bin\VCRUNTIME140.dll
0x00007ffc45ec0000 - 0x00007ffc45f6c000 	C:\WINDOWS\System32\ADVAPI32.dll
0x00007ffc454b0000 - 0x00007ffc4554e000 	C:\WINDOWS\System32\msvcrt.dll
0x00007ffc47180000 - 0x00007ffc4721b000 	C:\WINDOWS\System32\sechost.dll
0x00007ffc45c00000 - 0x00007ffc45d2a000 	C:\WINDOWS\System32\RPCRT4.dll
0x00007ffc467a0000 - 0x00007ffc46940000 	C:\WINDOWS\System32\USER32.dll
0x00007ffc453c0000 - 0x00007ffc453e2000 	C:\WINDOWS\System32\win32u.dll
0x00007ffc2abf0000 - 0x00007ffc2ae8a000 	C:\WINDOWS\WinSxS\amd64_microsoft.windows.common-controls_6595b64144ccf1df_6.0.19041.1110_none_60b5254171f9507e\COMCTL32.dll
0x00007ffc46940000 - 0x00007ffc4696a000 	C:\WINDOWS\System32\GDI32.dll
0x00007ffc452b0000 - 0x00007ffc453bb000 	C:\WINDOWS\System32\gdi32full.dll
0x00007ffc44c60000 - 0x00007ffc44cfd000 	C:\WINDOWS\System32\msvcp_win.dll
0x00007ffc3f800000 - 0x00007ffc3f80a000 	C:\WINDOWS\SYSTEM32\VERSION.dll
0x00007ffc458b0000 - 0x00007ffc458e0000 	C:\WINDOWS\System32\IMM32.DLL
0x00007ffc263b0000 - 0x00007ffc2645a000 	C:\Program Files\Java\jdk-12\bin\msvcp140.dll
0x00007ffc02a70000 - 0x00007ffc035e4000 	C:\Program Files\Java\jdk-12\bin\server\jvm.dll
0x00007ffc466e0000 - 0x00007ffc466e8000 	C:\WINDOWS\System32\PSAPI.DLL
0x00007ffc2cce0000 - 0x00007ffc2cd07000 	C:\WINDOWS\SYSTEM32\WINMM.dll
0x00007ffc3e840000 - 0x00007ffc3e849000 	C:\WINDOWS\SYSTEM32\WSOCK32.dll
0x00007ffc470b0000 - 0x00007ffc4711b000 	C:\WINDOWS\System32\WS2_32.dll
0x00007ffc429d0000 - 0x00007ffc429e2000 	C:\WINDOWS\SYSTEM32\kernel.appcore.dll
0x00007ffc34a60000 - 0x00007ffc34a71000 	C:\Program Files\Java\jdk-12\bin\verify.dll
0x00007ffc3d3b0000 - 0x00007ffc3d594000 	C:\WINDOWS\SYSTEM32\DBGHELP.DLL
0x00007ffc3cfe0000 - 0x00007ffc3d00c000 	C:\WINDOWS\SYSTEM32\dbgcore.DLL
0x00007ffc44bd0000 - 0x00007ffc44c53000 	C:\WINDOWS\System32\bcryptPrimitives.dll
0x00007ffc349b0000 - 0x00007ffc349d6000 	C:\Program Files\Java\jdk-12\bin\java.dll
0x00007ffc32220000 - 0x00007ffc32258000 	C:\Program Files\Java\jdk-12\bin\jdwp.dll
0x00007ffc35a30000 - 0x00007ffc35a3e000 	C:\Program Files\Java\jdk-12\bin\instrument.dll
0x00007ffc34a40000 - 0x00007ffc34a57000 	C:\Program Files\Java\jdk-12\bin\zip.dll
0x00007ffc3f480000 - 0x00007ffc3f48a000 	C:\Program Files\Java\jdk-12\bin\jimage.dll
0x00007ffc46970000 - 0x00007ffc470af000 	C:\WINDOWS\System32\SHELL32.dll
0x00007ffc42bd0000 - 0x00007ffc43360000 	C:\WINDOWS\SYSTEM32\windows.storage.dll
0x00007ffc45550000 - 0x00007ffc458a5000 	C:\WINDOWS\System32\combase.dll
0x00007ffc44450000 - 0x00007ffc4447c000 	C:\WINDOWS\SYSTEM32\Wldp.dll
0x00007ffc46630000 - 0x00007ffc466de000 	C:\WINDOWS\System32\SHCORE.dll
0x00007ffc47120000 - 0x00007ffc47175000 	C:\WINDOWS\System32\shlwapi.dll
0x00007ffc44a00000 - 0x00007ffc44a1f000 	C:\WINDOWS\SYSTEM32\profapi.dll
0x00007ffc34dd0000 - 0x00007ffc34dda000 	C:\Program Files\Java\jdk-12\bin\dt_socket.dll
0x00007ffc441b0000 - 0x00007ffc4421a000 	C:\WINDOWS\system32\mswsock.dll
0x00007ffc34450000 - 0x00007ffc34469000 	C:\Program Files\Java\jdk-12\bin\net.dll
0x00007ffc33690000 - 0x00007ffc3387c000 	C:\WINDOWS\SYSTEM32\urlmon.dll
0x00007ffc33a80000 - 0x00007ffc33b88000 	C:\WINDOWS\SYSTEM32\WINHTTP.dll
0x00007ffc33d60000 - 0x00007ffc34010000 	C:\WINDOWS\SYSTEM32\iertutil.dll
0x00007ffc33660000 - 0x00007ffc33688000 	C:\WINDOWS\SYSTEM32\srvcli.dll
0x00007ffc43fb0000 - 0x00007ffc43fbc000 	C:\WINDOWS\SYSTEM32\netutils.dll
0x00007ffc34430000 - 0x00007ffc34443000 	C:\Program Files\Java\jdk-12\bin\nio.dll
0x00007ffc35810000 - 0x00007ffc35819000 	C:\Program Files\Java\jdk-12\bin\management.dll
0x00007ffc357d0000 - 0x00007ffc357dc000 	C:\Program Files\Java\jdk-12\bin\management_ext.dll
0x00007ffc2c820000 - 0x00007ffc2c837000 	C:\WINDOWS\system32\napinsp.dll
0x00007ffc2c870000 - 0x00007ffc2c88b000 	C:\WINDOWS\system32\pnrpnsp.dll
0x00007ffc3d760000 - 0x00007ffc3d775000 	C:\WINDOWS\system32\wshbth.dll
0x00007ffc3e1b0000 - 0x00007ffc3e1cd000 	C:\WINDOWS\system32\NLAapi.dll
0x00007ffc43ea0000 - 0x00007ffc43edb000 	C:\WINDOWS\SYSTEM32\IPHLPAPI.DLL
0x00007ffc43ee0000 - 0x00007ffc43fac000 	C:\WINDOWS\SYSTEM32\DNSAPI.dll
0x00007ffc45a20000 - 0x00007ffc45a28000 	C:\WINDOWS\System32\NSI.dll
0x00007ffc2c850000 - 0x00007ffc2c862000 	C:\WINDOWS\System32\winrnr.dll
0x00007ffc33880000 - 0x00007ffc3388a000 	C:\Windows\System32\rasadhlp.dll
0x00007ffc33a00000 - 0x00007ffc33a7f000 	C:\WINDOWS\System32\fwpuclnt.dll
0x00007ffc44fb0000 - 0x00007ffc44fd7000 	C:\WINDOWS\System32\bcrypt.dll

dbghelp: loaded successfully - version: 4.0.5 - missing functions: none
symbol engine: initialized successfully - sym options: 0x614 - pdb path: .;C:\Program Files\Java\jdk-12\bin;C:\WINDOWS\SYSTEM32;C:\WINDOWS\WinSxS\amd64_microsoft.windows.common-controls_6595b64144ccf1df_6.0.19041.1110_none_60b5254171f9507e;C:\Program Files\Java\jdk-12\bin\server

VM Arguments:
jvm_args: -agentlib:jdwp=transport=dt_socket,address=127.0.0.1:63846,suspend=y,server=n -ea -Didea.test.cyclic.buffer.size=1048576 -javaagent:C:\Users\Shweta\AppData\Local\JetBrains\IdeaIC2020.1\captureAgent\debugger-agent.jar -Dfile.encoding=UTF-8 
java_command: com.intellij.rt.junit.JUnitStarter -ideVersion5 -junit5 @w@C:\Users\Shweta\AppData\Local\Temp\idea_working_dirs_junit1.tmp @C:\Users\Shweta\AppData\Local\Temp\idea_junit1.tmp
java_class_path (initial): C:\Program Files\JetBrains\IntelliJ IDEA Community Edition 2020.1\lib\idea_rt.jar;C:\Users\Shweta\.m2\repository\org\junit\platform\junit-platform-launcher\1.7.2\junit-platform-launcher-1.7.2.jar;C:\Users\Shweta\.m2\repository\org\junit\vintage\junit-vintage-engine\5.7.2\junit-vintage-engine-5.7.2.jar;C:\Users\Shweta\.m2\repository\junit\junit\4.13\junit-4.13.jar;C:\Users\Shweta\.m2\repository\org\hamcrest\hamcrest-core\1.3\hamcrest-core-1.3.jar;C:\Program Files\JetBrains\IntelliJ IDEA Community Edition 2020.1\plugins\junit\lib\junit5-rt.jar;C:\Program Files\JetBrains\IntelliJ IDEA Community Edition 2020.1\plugins\junit\lib\junit-rt.jar;F:\BenzAssignment\file.service\target\test-classes;F:\BenzAssignment\file.service\target\classes;C:\Users\Shweta\.m2\repository\org\projectlombok\lombok\1.18.20\lombok-1.18.20.jar;C:\Users\Shweta\.m2\repository\org\springframework\boot\spring-boot-starter-web\2.5.4\spring-boot-starter-web-2.5.4.jar;C:\Users\Shweta\.m2\repository\org\springframework\boot\spring-boot-starter\2.5.4\spring-boot-starter-2.5.4.jar;C:\Users\Shweta\.m2\repository\org\springframework\boot\spring-boot\2.5.4\spring-boot-2.5.4.jar;C:\Users\Shweta\.m2\repository\org\springframework\boot\spring-boot-autoconfigure\2.5.4\spring-boot-autoconfigure-2.5.4.jar;C:\Users\Shweta\.m2\repository\org\springframework\boot\spring-boot-starter-logging\2.5.4\spring-boot-starter-logging-2.5.4.jar;C:\Users\Shweta\.m2\repository\ch\qos\logback\logback-classic\1.2.5\logback-classic-1.2.5.jar;C:\Users\Shweta\.m2\repository\ch\qos\logback\logback-core\1.2.5\logback-core-1.2.5.jar;C:\Users\Shweta\.m2\repository\org\apache\logging\log4j\log4j-to-slf4j\2.14.1\log4j-to-slf4j-2.14.1.jar;C:\Users\Shweta\.m2\repository\org\apache\logging\log4j\log4j-api\2.14.1\log4j-api-2.14.1.jar;C:\Users\Shweta\.m2\repository\org\slf4j\jul-to-slf4j\1.7.32\jul-to-slf4j-1.7.32.jar;C:\Users\Shweta\.m2\repository\jakarta\annotation\jakarta.annotation-api\1.3.5\jakarta.annotation-api
Launcher Type: SUN_STANDARD

[Global flags]
     intx CICompilerCount                          = 4                                         {product} {ergonomic}
     uint ConcGCThreads                            = 2                                         {product} {ergonomic}
     uint G1ConcRefinementThreads                  = 8                                         {product} {ergonomic}
   size_t G1HeapRegionSize                         = 1048576                                   {product} {ergonomic}
    uintx GCDrainStackTargetSize                   = 64                                        {product} {ergonomic}
   size_t InitialHeapSize                          = 134217728                                 {product} {ergonomic}
   size_t MarkStackSize                            = 4194304                                   {product} {ergonomic}
   size_t MaxHeapSize                              = 2124414976                                {product} {ergonomic}
   size_t MaxNewSize                               = 1274019840                                {product} {ergonomic}
   size_t MinHeapDeltaBytes                        = 1048576                                   {product} {ergonomic}
    uintx NonNMethodCodeHeapSize                   = 5836300                                {pd product} {ergonomic}
    uintx NonProfiledCodeHeapSize                  = 122910970                              {pd product} {ergonomic}
    uintx ProfiledCodeHeapSize                     = 122910970                              {pd product} {ergonomic}
    uintx ReservedCodeCacheSize                    = 251658240                              {pd product} {ergonomic}
     bool SegmentedCodeCache                       = true                                      {product} {ergonomic}
     bool UseCompressedClassPointers               = true                                 {lp64_product} {ergonomic}
     bool UseCompressedOops                        = true                                 {lp64_product} {ergonomic}
     bool UseG1GC                                  = true                                      {product} {ergonomic}
     bool UseLargePagesIndividualAllocation        = false                                  {pd product} {ergonomic}

Logging:
Log output configuration:
 #0: stdout all=warning uptime,level,tags
 #1: stderr all=off uptime,level,tags

Environment Variables:
JAVA_HOME=C:\Program Files\Java\jre1.8.0_271
PATH=C:\Program Files (x86)\Common Files\Oracle\Java\javapath;C:\WINDOWS\system32;C:\WINDOWS;C:\WINDOWS\System32\Wbem;C:\WINDOWS\System32\WindowsPowerShell\v1.0\;C:\WINDOWS\System32\OpenSSH\;C:\Program Files\nodejs\;C:\zookeeper-3.6.0.tar\zookeeper-3.6.0\bin;C:\Program Files\Git\cmd;C:\Users\Shweta\AppData\Local\Microsoft\WindowsApps;C:\Users\Shweta\AppData\Local\Programs\Microsoft VS Code\bin;C:\Users\Shweta\AppData\Roaming\npm;C:\apache-zookeeper-3.7.0\bin;C:\Program Files\Java\jre1.8.0_271\bin;
USERNAME=Shweta
OS=Windows_NT
PROCESSOR_IDENTIFIER=Intel64 Family 6 Model 142 Stepping 10, GenuineIntel



---------------  S Y S T E M  ---------------

OS: Windows 10 , 64 bit Build 19041 (10.0.19041.1151)

CPU:total 8 (initial active 8) (4 cores per cpu, 2 threads per core) family 6 model 142 stepping 10, cmov, cx8, fxsr, mmx, sse, sse2, sse3, ssse3, sse4.1, sse4.2, popcnt, avx, avx2, aes, clmul, erms, 3dnowpref, lzcnt, ht, tsc, tscinvbit, bmi1, bmi2, adx, fma

Memory: 4k page, system-wide physical 8101M (670M free)
TotalPageFile size 17883M (AvailPageFile size 2052M)
current process WorkingSet (physical memory assigned to process): 165M, peak: 263M
current process commit charge ("private bytes"): 212M, peak: 308M

vm_info: Java HotSpot(TM) 64-Bit Server VM (12+33) for windows-amd64 JRE (12+33), built on Feb 21 2019 02:31:50 by "mach5one" with MS VC++ 15.5 (VS2017)

END.
