#
# A fatal error has been detected by the Java Runtime Environment:
#
#  EXCEPTION_ACCESS_VIOLATION (0xc0000005) at pc=0x00007ffc031303cb, pid=23304, tid=17192
#
# JRE version: Java(TM) SE Runtime Environment (12.0+33) (build 12+33)
# Java VM: Java HotSpot(TM) 64-Bit Server VM (12+33, mixed mode, sharing, tiered, compressed oops, g1 gc, windows-amd64)
# Problematic frame:
# V  [jvm.dll+0x6c03cb]
#
# No core dump will be written. Minidumps are not enabled by default on client versions of Windows
#
# If you would like to submit a bug report, please visit:
#   http://bugreport.java.com/bugreport/crash.jsp
#

---------------  S U M M A R Y ------------

Command Line: -agentlib:jdwp=transport=dt_socket,address=127.0.0.1:63863,suspend=y,server=n -ea -Didea.test.cyclic.buffer.size=1048576 -javaagent:C:\Users\Shweta\AppData\Local\JetBrains\IdeaIC2020.1\captureAgent\debugger-agent.jar -Dfile.encoding=UTF-8 com.intellij.rt.junit.JUnitStarter -ideVersion5 -junit5 @w@C:\Users\Shweta\AppData\Local\Temp\idea_working_dirs_junit2.tmp @C:\Users\Shweta\AppData\Local\Temp\idea_junit2.tmp

Host: Intel(R) Core(TM) i5-8250U CPU @ 1.60GHz, 8 cores, 7G,  Windows 10 , 64 bit Build 19041 (10.0.19041.1151)
Time: Mon Sep 27 11:49:58 2021 India Standard Time elapsed time: 147 seconds (0d 0h 2m 27s)

---------------  T H R E A D  ---------------

Current thread (0x0000015b8019b800):  VMThread "VM Thread" [stack: 0x0000001bc0d00000,0x0000001bc0e00000] [id=17192]

Stack: [0x0000001bc0d00000,0x0000001bc0e00000],  sp=0x0000001bc0dfe6b0,  free space=1017k
Native frames: (J=compiled Java code, j=interpreted, Vv=VM code, C=native code)
V  [jvm.dll+0x6c03cb]
V  [jvm.dll+0x34d3d3]
V  [jvm.dll+0x34f2e9]
V  [jvm.dll+0x34fb6e]
V  [jvm.dll+0x34d07c]
V  [jvm.dll+0x34c2b2]
V  [jvm.dll+0x628425]
V  [jvm.dll+0x6281ad]
V  [jvm.dll+0x5ef77a]
V  [jvm.dll+0x504387]
V  [jvm.dll+0x78dccc]
V  [jvm.dll+0x791b27]
V  [jvm.dll+0x792366]
V  [jvm.dll+0x792697]
V  [jvm.dll+0x748648]
V  [jvm.dll+0x638566]
C  [ucrtbase.dll+0x21bb2]
C  [KERNEL32.DLL+0x17034]
C  [ntdll.dll+0x52651]


siginfo: EXCEPTION_ACCESS_VIOLATION (0xc0000005), reading address 0x0000000000000006


Register to memory mapping:

RIP=0x00007ffc031303cb jvm.dll
RAX=0x0000001bc0dfe740 points into unknown readable memory: 30 00 00 46 00 00 00 00
RBX=0x0000001bc0dfe710 points into unknown readable memory: 80 e1 30 03 fc 7f 00 00
RCX=0x0 is NULL
RDX=0x0 is NULL
RSP=0x0000001bc0dfe6b0 points into unknown readable memory: 10 e7 df c0 1b 00 00 00
RBP=0x0000001bc0dfec20 points into unknown readable memory: 48 14 18 80 5b 01 00 00
RSI=0x0 is NULL
RDI=0x0 is NULL
R8 =0x0 is NULL
R9 =0x0000015b806f43f0 is pointing into metadata
R10=0x00007ffc02a70000 jvm.dll
R11=0x0000001bc0dfeb70 points into unknown readable memory: f0 eb df c0 1b 00 00 00
R12=0x0000015b80181120 points into unknown readable memory: 00 90 34 03 00 00 00 00
R13=0x0 is NULL
R14=0x0000015b806f4db3 is pointing into metadata
R15=0x000000000000004f is an unknown value


Registers:
RAX=0x0000001bc0dfe740, RBX=0x0000001bc0dfe710, RCX=0x0000000000000000, RDX=0x0000000000000000
RSP=0x0000001bc0dfe6b0, RBP=0x0000001bc0dfec20, RSI=0x0000000000000000, RDI=0x0000000000000000
R8 =0x0000000000000000, R9 =0x0000015b806f43f0, R10=0x00007ffc02a70000, R11=0x0000001bc0dfeb70
R12=0x0000015b80181120, R13=0x0000000000000000, R14=0x0000015b806f4db3, R15=0x000000000000004f
RIP=0x00007ffc031303cb, EFLAGS=0x0000000000010246

Top of Stack: (sp=0x0000001bc0dfe6b0)
0x0000001bc0dfe6b0:   0000001bc0dfe710 0000015b83773f6a
0x0000001bc0dfe6c0:   0000000100000000 00007ffc0313094b
0x0000001bc0dfe6d0:   0000000000000000 00007ffc02dbd3d3
0x0000001bc0dfe6e0:   0000000000000000 0000001bc0dfed90
0x0000001bc0dfe6f0:   0000001bc0dfecc0 00007ffc0313010a
0x0000001bc0dfe700:   0000001bc0dfe760 00007ffc0307d125
0x0000001bc0dfe710:   00007ffc0330e180 0000000000000000
0x0000001bc0dfe720:   0000000000000000 00007ffc0000000c
0x0000001bc0dfe730:   0000001bc0dfe740 0000001b00000000
0x0000001bc0dfe740:   0000000046000030 0000015b80181160
0x0000001bc0dfe750:   4fffffff4fffffff 0000015b4fffffff
0x0000001bc0dfe760:   00007ffc0330e180 00007ffc44d12437
0x0000001bc0dfe770:   0000000000000016 000000000000000e
0x0000001bc0dfe780:   0000001bc0dfe7a0 0000000000000003
0x0000001bc0dfe790:   0000001bc0dfed48 00007ffc44d11131
0x0000001bc0dfe7a0:   0000001bc0dfe8e0 0000001bc0dfe980 

Instructions: (pc=0x00007ffc031303cb)
0x00007ffc031303ab:   cc cc cc cc cc 40 53 48 83 ec 20 c7 41 10 00 00
0x00007ffc031303bb:   00 00 48 8b d9 48 89 7c 24 38 48 8b 79 08 33 c9
0x00007ffc031303cb:   80 7f 06 28 74 26 44 8d 49 28 8d 51 35 48 8d 0d
0x00007ffc031303db:   11 bf 22 00 4c 8d 05 fa be 22 00 e8 65 1a ba ff 


Stack slot to memory mapping:
stack at sp + 0 slots: 0x0000001bc0dfe710 points into unknown readable memory: 80 e1 30 03 fc 7f 00 00
stack at sp + 1 slots: 0x0000015b83773f6a points into unknown readable memory: 31 e5 dc 26 9d 10
stack at sp + 2 slots: 0x0000000100000000 is an unknown value
stack at sp + 3 slots: 0x00007ffc0313094b jvm.dll
stack at sp + 4 slots: 0x0 is NULL
stack at sp + 5 slots: 0x00007ffc02dbd3d3 jvm.dll
stack at sp + 6 slots: 0x0 is NULL
stack at sp + 7 slots: 0x0000001bc0dfed90 points into unknown readable memory: 68 b4 34 03 fc 7f 00 00

VM_Operation (0x0000001bc17ff370): GetOrSetLocal, mode: safepoint, requested by thread 0x0000015b80be2800


---------------  P R O C E S S  ---------------

Threads class SMR info:
_java_thread_list=0x0000015b81342f30, length=13, elements={
0x0000015be1316000, 0x0000015b8019d800, 0x0000015b8019f800, 0x0000015b801b8000,
0x0000015b801b9000, 0x0000015b801bf000, 0x0000015b801c4000, 0x0000015b801c9000,
0x0000015b80182000, 0x0000015b80be2800, 0x0000015b80be4000, 0x0000015b80bb6000,
0x0000015b80d62000
}

Java Threads: ( => current thread )
  0x0000015be1316000 JavaThread "main" [_thread_blocked, id=17672, stack(0x0000001bc0700000,0x0000001bc0800000)]
  0x0000015b8019d800 JavaThread "Reference Handler" daemon [_thread_blocked, id=7336, stack(0x0000001bc0e00000,0x0000001bc0f00000)]
  0x0000015b8019f800 JavaThread "Finalizer" daemon [_thread_blocked, id=3624, stack(0x0000001bc0f00000,0x0000001bc1000000)]
  0x0000015b801b8000 JavaThread "Signal Dispatcher" daemon [_thread_blocked, id=20420, stack(0x0000001bc1000000,0x0000001bc1100000)]
  0x0000015b801b9000 JavaThread "Attach Listener" daemon [_thread_blocked, id=22676, stack(0x0000001bc1100000,0x0000001bc1200000)]
  0x0000015b801bf000 JavaThread "C2 CompilerThread0" daemon [_thread_blocked, id=10668, stack(0x0000001bc1200000,0x0000001bc1300000)]
  0x0000015b801c4000 JavaThread "C1 CompilerThread0" daemon [_thread_blocked, id=17588, stack(0x0000001bc1300000,0x0000001bc1400000)]
  0x0000015b801c9000 JavaThread "Sweeper thread" daemon [_thread_blocked, id=24980, stack(0x0000001bc1400000,0x0000001bc1500000)]
  0x0000015b80182000 JavaThread "Common-Cleaner" daemon [_thread_blocked, id=4104, stack(0x0000001bc1500000,0x0000001bc1600000)]
  0x0000015b80be2800 JavaThread "JDWP Transport Listener: dt_socket" daemon [_thread_blocked, id=18492, stack(0x0000001bc1700000,0x0000001bc1800000)] _threads_hazard_ptr=0x0000015b81342f30
  0x0000015b80be4000 JavaThread "JDWP Event Helper Thread" daemon [_thread_blocked, id=19492, stack(0x0000001bc1800000,0x0000001bc1900000)]
  0x0000015b80bb6000 JavaThread "JDWP Command Reader" daemon [_thread_in_native, id=14088, stack(0x0000001bc1900000,0x0000001bc1a00000)]
  0x0000015b80d62000 JavaThread "Service Thread" daemon [_thread_blocked, id=7540, stack(0x0000001bc1a00000,0x0000001bc1b00000)]

Other Threads:
=>0x0000015b8019b800 VMThread "VM Thread" [stack: 0x0000001bc0d00000,0x0000001bc0e00000] [id=17192]
  0x0000015b80daf000 WatcherThread [stack: 0x0000001bc1b00000,0x0000001bc1c00000] [id=11232]
  0x0000015be1352800 GCTaskThread "GC Thread#0" [stack: 0x0000001bc0800000,0x0000001bc0900000] [id=21272]
  0x0000015b815f6800 GCTaskThread "GC Thread#1" [stack: 0x0000001bc1c00000,0x0000001bc1d00000] [id=14300]
  0x0000015b816ff800 GCTaskThread "GC Thread#2" [stack: 0x0000001bc1d00000,0x0000001bc1e00000] [id=19948]
  0x0000015b823dd800 GCTaskThread "GC Thread#3" [stack: 0x0000001bc1f00000,0x0000001bc2000000] [id=452]
  0x0000015be1360000 ConcurrentGCThread "G1 Main Marker" [stack: 0x0000001bc0900000,0x0000001bc0a00000] [id=25284]
  0x0000015be1363800 ConcurrentGCThread "G1 Conc#0" [stack: 0x0000001bc0a00000,0x0000001bc0b00000] [id=10968]
  0x0000015b81a69000 ConcurrentGCThread "G1 Conc#1" [stack: 0x0000001bc1e00000,0x0000001bc1f00000] [id=25504]
  0x0000015b80016800 ConcurrentGCThread "G1 Refine#0" [stack: 0x0000001bc0b00000,0x0000001bc0c00000] [id=22836]
  0x0000015b80017000 ConcurrentGCThread "G1 Young RemSet Sampling" [stack: 0x0000001bc0c00000,0x0000001bc0d00000] [id=13004]

Threads with active compile tasks:

VM state:at safepoint (normal execution)

VM Mutex/Monitor currently owned by a thread:  ([mutex/lock_event])
[0x0000015be1312820] Threads_lock - owner thread: 0x0000015b8019b800

Heap address: 0x0000000081600000, size: 2026 MB, Compressed Oops mode: 32-bit
Narrow klass base: 0x0000000800000000, Narrow klass shift: 3
Compressed class space size: 1073741824 Address: 0x00000008011a0000

Heap:
 garbage-first heap   total 59392K, used 28078K [0x0000000081600000, 0x0000000100000000)
  region size 1024K, 11 young (11264K), 2 survivors (2048K)
 Metaspace       used 33831K, capacity 35311K, committed 35456K, reserved 1079296K
  class space    used 4598K, capacity 5150K, committed 5248K, reserved 1048576K
Heap Regions: E=young(eden), S=young(survivor), O=old, HS=humongous(starts), HC=humongous(continues), CS=collection set, F=free, A=archive, TAMS=top-at-mark-start (previous, next)
|   0|0x0000000081600000, 0x0000000081700000, 0x0000000081700000|100%| O|  |TAMS 0x0000000081700000, 0x0000000081600000| Untracked 
|   1|0x0000000081700000, 0x0000000081800000, 0x0000000081800000|100%| O|  |TAMS 0x0000000081800000, 0x0000000081700000| Untracked 
|   2|0x0000000081800000, 0x0000000081900000, 0x0000000081900000|100%| O|  |TAMS 0x00000000818c9200, 0x0000000081800000| Untracked 
|   3|0x0000000081900000, 0x0000000081a00000, 0x0000000081a00000|100%| O|  |TAMS 0x0000000081900000, 0x0000000081900000| Untracked 
|   4|0x0000000081a00000, 0x0000000081b00000, 0x0000000081b00000|100%| O|  |TAMS 0x0000000081a00000, 0x0000000081a00000| Untracked 
|   5|0x0000000081b00000, 0x0000000081bd9400, 0x0000000081c00000| 84%| O|  |TAMS 0x0000000081b00000, 0x0000000081b00000| Untracked 
|   6|0x0000000081c00000, 0x0000000081d00000, 0x0000000081d00000|100%| O|  |TAMS 0x0000000081c00000, 0x0000000081c00000| Untracked 
|   7|0x0000000081d00000, 0x0000000081e00000, 0x0000000081e00000|100%| O|  |TAMS 0x0000000081d00000, 0x0000000081d00000| Untracked 
|   8|0x0000000081e00000, 0x0000000081f00000, 0x0000000081f00000|100%| O|  |TAMS 0x0000000081e00000, 0x0000000081e00000| Untracked 
|   9|0x0000000081f00000, 0x0000000082000000, 0x0000000082000000|100%| O|  |TAMS 0x0000000081f00000, 0x0000000081f00000| Untracked 
|  10|0x0000000082000000, 0x0000000082100000, 0x0000000082100000|100%| O|  |TAMS 0x0000000082000000, 0x0000000082000000| Untracked 
|  11|0x0000000082100000, 0x0000000082200000, 0x0000000082200000|100%| O|  |TAMS 0x0000000082100000, 0x0000000082100000| Untracked 
|  12|0x0000000082200000, 0x0000000082300000, 0x0000000082300000|100%| O|  |TAMS 0x0000000082200000, 0x0000000082200000| Untracked 
|  13|0x0000000082300000, 0x0000000082400000, 0x0000000082400000|100%| O|  |TAMS 0x0000000082300000, 0x0000000082300000| Untracked 
|  14|0x0000000082400000, 0x0000000082500000, 0x0000000082500000|100%| O|  |TAMS 0x0000000082400000, 0x0000000082400000| Untracked 
|  15|0x0000000082500000, 0x0000000082600000, 0x0000000082600000|100%| O|  |TAMS 0x0000000082500000, 0x0000000082500000| Untracked 
|  16|0x0000000082600000, 0x0000000082700000, 0x0000000082700000|100%| O|  |TAMS 0x0000000082600000, 0x0000000082600000| Untracked 
|  17|0x0000000082700000, 0x00000000827d3a00, 0x0000000082800000| 82%| O|  |TAMS 0x0000000082700000, 0x0000000082700000| Untracked 
|  18|0x0000000082800000, 0x0000000082800000, 0x0000000082900000|  0%| F|  |TAMS 0x0000000082800000, 0x0000000082800000| Untracked 
|  19|0x0000000082900000, 0x0000000082900000, 0x0000000082a00000|  0%| F|  |TAMS 0x0000000082900000, 0x0000000082900000| Untracked 
|  20|0x0000000082a00000, 0x0000000082a00000, 0x0000000082b00000|  0%| F|  |TAMS 0x0000000082a00000, 0x0000000082a00000| Untracked 
|  21|0x0000000082b00000, 0x0000000082b00000, 0x0000000082c00000|  0%| F|  |TAMS 0x0000000082b00000, 0x0000000082b00000| Untracked 
|  22|0x0000000082c00000, 0x0000000082c00000, 0x0000000082d00000|  0%| F|  |TAMS 0x0000000082c00000, 0x0000000082c00000| Untracked 
|  23|0x0000000082d00000, 0x0000000082d00000, 0x0000000082e00000|  0%| F|  |TAMS 0x0000000082d00000, 0x0000000082d00000| Untracked 
|  24|0x0000000082e00000, 0x0000000082e00000, 0x0000000082f00000|  0%| F|  |TAMS 0x0000000082e00000, 0x0000000082e00000| Untracked 
|  25|0x0000000082f00000, 0x0000000082f00000, 0x0000000083000000|  0%| F|  |TAMS 0x0000000082f00000, 0x0000000082f00000| Untracked 
|  26|0x0000000083000000, 0x00000000830beb40, 0x0000000083100000| 74%| S|CS|TAMS 0x0000000083000000, 0x0000000083000000| Complete 
|  27|0x0000000083100000, 0x0000000083200000, 0x0000000083200000|100%| S|CS|TAMS 0x0000000083100000, 0x0000000083100000| Complete 
|  28|0x0000000083200000, 0x0000000083200000, 0x0000000083300000|  0%| F|  |TAMS 0x0000000083200000, 0x0000000083200000| Untracked 
|  29|0x0000000083300000, 0x0000000083300000, 0x0000000083400000|  0%| F|  |TAMS 0x0000000083300000, 0x0000000083300000| Untracked 
|  30|0x0000000083400000, 0x0000000083400000, 0x0000000083500000|  0%| F|  |TAMS 0x0000000083400000, 0x0000000083400000| Untracked 
|  31|0x0000000083500000, 0x0000000083500000, 0x0000000083600000|  0%| F|  |TAMS 0x0000000083500000, 0x0000000083500000| Untracked 
|  32|0x0000000083600000, 0x0000000083600000, 0x0000000083700000|  0%| F|  |TAMS 0x0000000083600000, 0x0000000083600000| Untracked 
|  33|0x0000000083700000, 0x0000000083700000, 0x0000000083800000|  0%| F|  |TAMS 0x0000000083700000, 0x0000000083700000| Untracked 
|  34|0x0000000083800000, 0x0000000083800000, 0x0000000083900000|  0%| F|  |TAMS 0x0000000083800000, 0x0000000083800000| Untracked 
|  35|0x0000000083900000, 0x0000000083900000, 0x0000000083a00000|  0%| F|  |TAMS 0x0000000083900000, 0x0000000083900000| Untracked 
|  36|0x0000000083a00000, 0x0000000083a00000, 0x0000000083b00000|  0%| F|  |TAMS 0x0000000083a00000, 0x0000000083a00000| Untracked 
|  37|0x0000000083b00000, 0x0000000083b00000, 0x0000000083c00000|  0%| F|  |TAMS 0x0000000083b00000, 0x0000000083b00000| Untracked 
|  38|0x0000000083c00000, 0x0000000083c00000, 0x0000000083d00000|  0%| F|  |TAMS 0x0000000083c00000, 0x0000000083c00000| Untracked 
|  39|0x0000000083d00000, 0x0000000083d00000, 0x0000000083e00000|  0%| F|  |TAMS 0x0000000083d00000, 0x0000000083d00000| Untracked 
|  40|0x0000000083e00000, 0x0000000083e00000, 0x0000000083f00000|  0%| F|  |TAMS 0x0000000083e00000, 0x0000000083e00000| Untracked 
|  41|0x0000000083f00000, 0x0000000083f00000, 0x0000000084000000|  0%| F|  |TAMS 0x0000000083f00000, 0x0000000083f00000| Untracked 
|  42|0x0000000084000000, 0x0000000084000000, 0x0000000084100000|  0%| F|  |TAMS 0x0000000084000000, 0x0000000084000000| Untracked 
|  43|0x0000000084100000, 0x0000000084100000, 0x0000000084200000|  0%| F|  |TAMS 0x0000000084100000, 0x0000000084100000| Untracked 
|  44|0x0000000084200000, 0x0000000084200000, 0x0000000084300000|  0%| F|  |TAMS 0x0000000084200000, 0x0000000084200000| Untracked 
|  45|0x0000000084300000, 0x0000000084300000, 0x0000000084400000|  0%| F|  |TAMS 0x0000000084300000, 0x0000000084300000| Untracked 
|  46|0x0000000084400000, 0x0000000084400000, 0x0000000084500000|  0%| F|  |TAMS 0x0000000084400000, 0x0000000084400000| Untracked 
|  47|0x0000000084500000, 0x0000000084500000, 0x0000000084600000|  0%| F|  |TAMS 0x0000000084500000, 0x0000000084500000| Untracked 
|  48|0x0000000084600000, 0x0000000084600000, 0x0000000084700000|  0%| F|  |TAMS 0x0000000084600000, 0x0000000084600000| Untracked 
|  49|0x0000000084700000, 0x0000000084800000, 0x0000000084800000|100%| E|  |TAMS 0x0000000084700000, 0x0000000084700000| Complete 
|  50|0x0000000084800000, 0x0000000084900000, 0x0000000084900000|100%| E|CS|TAMS 0x0000000084800000, 0x0000000084800000| Complete 
|  51|0x0000000084900000, 0x0000000084a00000, 0x0000000084a00000|100%| E|CS|TAMS 0x0000000084900000, 0x0000000084900000| Complete 
|  84|0x0000000086a00000, 0x0000000086b00000, 0x0000000086b00000|100%| E|CS|TAMS 0x0000000086a00000, 0x0000000086a00000| Complete 
|  85|0x0000000086b00000, 0x0000000086c00000, 0x0000000086c00000|100%| E|CS|TAMS 0x0000000086b00000, 0x0000000086b00000| Complete 
|  86|0x0000000086c00000, 0x0000000086d00000, 0x0000000086d00000|100%| E|CS|TAMS 0x0000000086c00000, 0x0000000086c00000| Complete 
|  87|0x0000000086d00000, 0x0000000086e00000, 0x0000000086e00000|100%| E|CS|TAMS 0x0000000086d00000, 0x0000000086d00000| Complete 
|  88|0x0000000086e00000, 0x0000000086f00000, 0x0000000086f00000|100%| E|CS|TAMS 0x0000000086e00000, 0x0000000086e00000| Complete 
| 127|0x0000000089500000, 0x0000000089600000, 0x0000000089600000|100%| E|CS|TAMS 0x0000000089500000, 0x0000000089500000| Complete 

Card table byte_map: [0x0000015bf8e50000,0x0000015bf9250000] _byte_map_base: 0x0000015bf8a45000

Marking Bits (Prev, Next): (CMBitMap*) 0x0000015be13533e8, (CMBitMap*) 0x0000015be13533a8
 Prev Bits: [0x0000015bfb600000, 0x0000015bfd5a8000)
 Next Bits: [0x0000015bf9650000, 0x0000015bfb5f8000)

Polling page: 0x0000015bdf2d0000

Metaspace:

Usage:
  Non-class:     29.45 MB capacity,    28.55 MB ( 97%) used,   760.18 KB (  3%) free+waste,   168.31 KB ( <1%) overhead. 
      Class:      5.03 MB capacity,     4.49 MB ( 89%) used,   469.01 KB (  9%) free+waste,    82.06 KB (  2%) overhead. 
       Both:     34.48 MB capacity,    33.04 MB ( 96%) used,     1.20 MB (  3%) free+waste,   250.38 KB ( <1%) overhead. 

Virtual space:
  Non-class space:       30.00 MB reserved,      29.50 MB ( 98%) committed 
      Class space:        1.00 GB reserved,       5.13 MB ( <1%) committed 
             Both:        1.03 GB reserved,      34.63 MB (  3%) committed 

Chunk freelists:
   Non-Class:  5.88 KB
       Class:  256 bytes
        Both:  6.13 KB

CodeHeap 'non-profiled nmethods': size=120000Kb used=2554Kb max_used=2554Kb free=117445Kb
 bounds [0x0000015bf11f0000, 0x0000015bf1470000, 0x0000015bf8720000]
CodeHeap 'profiled nmethods': size=120000Kb used=9984Kb max_used=9984Kb free=110015Kb
 bounds [0x0000015be9cc0000, 0x0000015bea690000, 0x0000015bf11f0000]
CodeHeap 'non-nmethods': size=5760Kb used=1258Kb max_used=1322Kb free=4501Kb
 bounds [0x0000015be9720000, 0x0000015be9990000, 0x0000015be9cc0000]
 total_blobs=5403 nmethods=4048 adapters=413
 compilation: enabled
              stopped_count=0, restarted_count=0
 full_count=0

Compilation events (10 events):
Event: 9.902 Thread 0x0000015b818b2000 nmethod 4039 0x0000015bf1458a90 code [0x0000015bf1458c40, 0x0000015bf1459038]
Event: 9.902 Thread 0x0000015b818b2000 4058       4       java.lang.StringUTF16::getChar (60 bytes)
Event: 9.903 Thread 0x0000015b818b2000 nmethod 4058 0x0000015bf1459190 code [0x0000015bf1459320, 0x0000015bf14593f8]
Event: 9.903 Thread 0x0000015b818b2000 4029       4       net.bytebuddy.description.ByteCodeElement$Token$TokenList::size (10 bytes)
Event: 9.904 Thread 0x0000015b818b2000 nmethod 4029 0x0000015bf1459510 code [0x0000015bf14596a0, 0x0000015bf1459738]
Event: 9.904 Thread 0x0000015b818b2000 4040       4       java.util.ArrayDeque::pollFirst (36 bytes)
Event: 9.906 Thread 0x0000015b818b2000 nmethod 4040 0x0000015bf1459810 code [0x0000015bf14599a0, 0x0000015bf1459b18]
Event: 9.906 Thread 0x0000015b818b2000 4049       4       java.lang.Integer::numberOfLeadingZeros (78 bytes)
Event: 9.907 Thread 0x0000015b818b2000 nmethod 4049 0x0000015bf1459c10 code [0x0000015bf1459da0, 0x0000015bf1459e38]
Event: 10.070 Thread 0x0000015b801bf000 nmethod 3752 0x0000015bf1459e90 code [0x0000015bf145ab60, 0x0000015bf14657a8]

GC Heap History (10 events):
Event: 7.317 GC heap before
{Heap before GC invocations=8 (full 0):
 garbage-first heap   total 40960K, used 31838K [0x0000000081600000, 0x0000000100000000)
  region size 1024K, 19 young (19456K), 3 survivors (3072K)
 Metaspace       used 27239K, capacity 28477K, committed 28544K, reserved 1073152K
  class space    used 3498K, capacity 3966K, committed 3968K, reserved 1048576K
}
Event: 7.331 GC heap after
{Heap after GC invocations=9 (full 0):
 garbage-first heap   total 49152K, used 16982K [0x0000000081600000, 0x0000000100000000)
  region size 1024K, 3 young (3072K), 3 survivors (3072K)
 Metaspace       used 27239K, capacity 28477K, committed 28544K, reserved 1073152K
  class space    used 3498K, capacity 3966K, committed 3968K, reserved 1048576K
}
Event: 7.802 GC heap before
{Heap before GC invocations=9 (full 0):
 garbage-first heap   total 49152K, used 35414K [0x0000000081600000, 0x0000000100000000)
  region size 1024K, 21 young (21504K), 3 survivors (3072K)
 Metaspace       used 28326K, capacity 29641K, committed 29824K, reserved 1075200K
  class space    used 3639K, capacity 4140K, committed 4224K, reserved 1048576K
}
Event: 7.816 GC heap after
{Heap after GC invocations=10 (full 0):
 garbage-first heap   total 49152K, used 18214K [0x0000000081600000, 0x0000000100000000)
  region size 1024K, 3 young (3072K), 3 survivors (3072K)
 Metaspace       used 28326K, capacity 29641K, committed 29824K, reserved 1075200K
  class space    used 3639K, capacity 4140K, committed 4224K, reserved 1048576K
}
Event: 8.282 GC heap before
{Heap before GC invocations=10 (full 0):
 garbage-first heap   total 49152K, used 36646K [0x0000000081600000, 0x0000000100000000)
  region size 1024K, 21 young (21504K), 3 survivors (3072K)
 Metaspace       used 28978K, capacity 30390K, committed 30464K, reserved 1075200K
  class space    used 3736K, capacity 4282K, committed 4352K, reserved 1048576K
}
Event: 8.293 GC heap after
{Heap after GC invocations=11 (full 0):
 garbage-first heap   total 49152K, used 19541K [0x0000000081600000, 0x0000000100000000)
  region size 1024K, 3 young (3072K), 3 survivors (3072K)
 Metaspace       used 28978K, capacity 30390K, committed 30464K, reserved 1075200K
  class space    used 3736K, capacity 4282K, committed 4352K, reserved 1048576K
}
Event: 8.681 GC heap before
{Heap before GC invocations=11 (full 0):
 garbage-first heap   total 49152K, used 36949K [0x0000000081600000, 0x0000000100000000)
  region size 1024K, 20 young (20480K), 3 survivors (3072K)
 Metaspace       used 30835K, capacity 32226K, committed 32512K, reserved 1077248K
  class space    used 4044K, capacity 4577K, committed 4608K, reserved 1048576K
}
Event: 8.689 GC heap after
{Heap after GC invocations=12 (full 0):
 garbage-first heap   total 49152K, used 19555K [0x0000000081600000, 0x0000000100000000)
  region size 1024K, 2 young (2048K), 2 survivors (2048K)
 Metaspace       used 30835K, capacity 32226K, committed 32512K, reserved 1077248K
  class space    used 4044K, capacity 4577K, committed 4608K, reserved 1048576K
}
Event: 9.118 GC heap before
{Heap before GC invocations=12 (full 0):
 garbage-first heap   total 49152K, used 37987K [0x0000000081600000, 0x0000000100000000)
  region size 1024K, 20 young (20480K), 2 survivors (2048K)
 Metaspace       used 32989K, capacity 34430K, committed 34560K, reserved 1079296K
  class space    used 4454K, capacity 5006K, committed 5120K, reserved 1048576K
}
Event: 9.125 GC heap after
{Heap after GC invocations=13 (full 0):
 garbage-first heap   total 59392K, used 19886K [0x0000000081600000, 0x0000000100000000)
  region size 1024K, 2 young (2048K), 2 survivors (2048K)
 Metaspace       used 32989K, capacity 34430K, committed 34560K, reserved 1079296K
  class space    used 4454K, capacity 5006K, committed 5120K, reserved 1048576K
}

Deoptimization events (10 events):
Event: 7.953 Thread 0x0000015be1316000 Uncommon trap: reason=unstable_if action=reinterpret pc=0x0000015bf1391c94 method=org.springframework.beans.factory.support.DefaultSingletonBeanRegistry.getSingleton(Ljava/lang/String;Z)Ljava/lang/Object; @ 39 c2
Event: 8.084 Thread 0x0000015be1316000 Uncommon trap: reason=unstable_if action=reinterpret pc=0x0000015bf14025cc method=org.springframework.beans.factory.support.AbstractBeanFactory.isTypeMatch(Ljava/lang/String;Lorg/springframework/core/ResolvableType;Z)Z @ 34 c2
Event: 8.359 Thread 0x0000015be1316000 Uncommon trap: reason=unstable_if action=reinterpret pc=0x0000015bf13daa68 method=org.springframework.core.annotation.AnnotationsScanner.processMethodHierarchy(Ljava/lang/Object;[ILjava/lang/Class;Lorg/springframework/core/annotation/AnnotationsProcessor;
Event: 8.390 Thread 0x0000015be1316000 Uncommon trap: reason=unstable_if action=reinterpret pc=0x0000015bf13649a8 method=org.springframework.util.ConcurrentReferenceHashMap$Segment.clear()V @ 7 c2
Event: 8.434 Thread 0x0000015be1316000 Uncommon trap: reason=unstable_if action=reinterpret pc=0x0000015bf12b3024 method=java.util.LinkedHashMap.get(Ljava/lang/Object;)Ljava/lang/Object; @ 20 c2
Event: 8.947 Thread 0x0000015be1316000 Uncommon trap: reason=unstable_if action=reinterpret pc=0x0000015bf13886b8 method=jdk.internal.module.SystemModuleFinders$SystemModuleReader.find(Ljava/lang/String;)Ljava/util/Optional; @ 7 c2
Event: 9.320 Thread 0x0000015be1316000 Uncommon trap: reason=unstable_if action=reinterpret pc=0x0000015bf12019e4 method=java.lang.CharacterData.of(I)Ljava/lang/CharacterData; @ 4 c2
Event: 9.324 Thread 0x0000015be1316000 Uncommon trap: reason=unstable_if action=reinterpret pc=0x0000015bf11f8c5c method=java.lang.String.isLatin1()Z @ 10 c2
Event: 60.514 Thread 0x0000015b80be2800 Uncommon trap: reason=unstable_if action=reinterpret pc=0x0000015bf14386d8 method=sun.instrument.InstrumentationImpl.transform(Ljava/lang/Module;Ljava/lang/ClassLoader;Ljava/lang/String;Ljava/lang/Class;Ljava/security/ProtectionDomain;[BZ)[B @ 24 c2
Event: 60.514 Thread 0x0000015b80be2800 Uncommon trap: reason=unstable_if action=reinterpret pc=0x0000015bf143dde0 method=com.intellij.rt.debugger.agent.CaptureAgent$CaptureTransformer.transform(Ljava/lang/ClassLoader;Ljava/lang/String;Ljava/lang/Class;Ljava/security/ProtectionDomain;[B)[B @ 5 

Classes redefined (3 events):
Event: 60.575 Thread 0x0000015b8019b800 redefined class name=ApplicationTests, count=1
Event: 102.646 Thread 0x0000015b8019b800 redefined class name=ApplicationTests, count=2
Event: 147.053 Thread 0x0000015b8019b800 redefined class name=ApplicationTests, count=3

Internal exceptions (10 events):
Event: 8.372 Thread 0x0000015be1316000 Exception <a 'java/lang/NoSuchMethodError'{0x0000000086c4ff00}: java.lang.invoke.DirectMethodHandle$Holder.invokeSpecial(Ljava/lang/Object;Ljava/lang/Object;ILjava/lang/Object;ILjava/lang/Object;)Ljava/lang/Object;> (0x0000000086c4ff00) thrown at [t:/work
Event: 8.373 Thread 0x0000015be1316000 Exception <a 'java/lang/NoSuchMethodError'{0x0000000086c57500}: java.lang.invoke.DirectMethodHandle$Holder.invokeStatic(Ljava/lang/Object;Ljava/lang/Object;ILjava/lang/Object;I)Ljava/lang/Object;> (0x0000000086c57500) thrown at [t:/workspace/open/src/hots
Event: 8.373 Thread 0x0000015be1316000 Exception <a 'java/lang/NoSuchMethodError'{0x0000000086c5adf0}: java.lang.invoke.DirectMethodHandle$Holder.invokeSpecial(Ljava/lang/Object;Ljava/lang/Object;Ljava/lang/Object;ILjava/lang/Object;I)Ljava/lang/Object;> (0x0000000086c5adf0) thrown at [t:/work
Event: 8.376 Thread 0x0000015be1316000 Exception <a 'java/lang/NoSuchMethodError'{0x0000000086c66908}: java.lang.invoke.DirectMethodHandle$Holder.invokeVirtual(Ljava/lang/Object;Ljava/lang/Object;)V> (0x0000000086c66908) thrown at [t:/workspace/open/src/hotspot/share/interpreter/linkResolver.c
Event: 8.435 Thread 0x0000015be1316000 Exception <a 'java/lang/ClassNotFoundException'{0x0000000086a25a70}: java/lang/ObjectCustomizer> (0x0000000086a25a70) thrown at [t:/workspace/open/src/hotspot/share/classfile/systemDictionary.cpp, line 235]
Event: 8.436 Thread 0x0000015be1316000 Exception <a 'java/lang/ClassNotFoundException'{0x0000000086a39038}: com/benzassignment/file/service/ApplicationTestsCustomizer> (0x0000000086a39038) thrown at [t:/workspace/open/src/hotspot/share/classfile/systemDictionary.cpp, line 235]
Event: 8.452 Thread 0x0000015be1316000 Exception <a 'java/lang/NoSuchMethodError'{0x0000000086ab7e60}: java.lang.invoke.DirectMethodHandle$Holder.invokeStatic(Ljava/lang/Object;Ljava/lang/Object;Ljava/lang/Object;Ljava/lang/Object;I)Ljava/lang/Object;> (0x0000000086ab7e60) thrown at [t:/worksp
Event: 8.453 Thread 0x0000015be1316000 Exception <a 'java/lang/NoSuchMethodError'{0x0000000086abb860}: java.lang.invoke.DirectMethodHandle$Holder.invokeSpecial(Ljava/lang/Object;Ljava/lang/Object;Ljava/lang/Object;Ljava/lang/Object;Ljava/lang/Object;I)Ljava/lang/Object;> (0x0000000086abb860) t
Event: 8.453 Thread 0x0000015be1316000 Exception <a 'java/lang/NoSuchMethodError'{0x0000000086abeae0}: java.lang.invoke.Invokers$Holder.linkToTargetMethod(Ljava/lang/Object;Ljava/lang/Object;Ljava/lang/Object;ILjava/lang/Object;)Ljava/lang/Object;> (0x0000000086abeae0) thrown at [t:/workspace/
Event: 9.196 Thread 0x0000015be1316000 Exception <a 'java/lang/ClassNotFoundException'{0x0000000086d49638}: java/lang/ClassLoader$ByteBuddyAccessor$aHDuIN8u> (0x0000000086d49638) thrown at [t:/workspace/open/src/hotspot/share/classfile/systemDictionary.cpp, line 235]

Events (10 events):
Event: 147.091 Executing VM operation: ChangeBreakpoints done
Event: 147.092 Executing VM operation: ChangeBreakpoints
Event: 147.095 Executing VM operation: ChangeBreakpoints done
Event: 147.096 Executing VM operation: ChangeBreakpoints
Event: 147.099 Executing VM operation: ChangeBreakpoints done
Event: 147.101 Executing VM operation: ChangeBreakpoints
Event: 147.104 Executing VM operation: ChangeBreakpoints done
Event: 147.107 Executing VM operation: GetFrameLocation
Event: 147.107 Executing VM operation: GetFrameLocation done
Event: 147.107 Executing VM operation: GetOrSetLocal


Dynamic libraries:
0x00007ff7f7500000 - 0x00007ff7f750f000 	C:\Program Files\Java\jdk-12\bin\java.exe
0x00007ffc47390000 - 0x00007ffc47585000 	C:\WINDOWS\SYSTEM32\ntdll.dll
0x00007ffc453f0000 - 0x00007ffc454ad000 	C:\WINDOWS\System32\KERNEL32.DLL
0x00007ffc44fe0000 - 0x00007ffc452a9000 	C:\WINDOWS\System32\KERNELBASE.dll
0x00007ffc44d00000 - 0x00007ffc44e00000 	C:\WINDOWS\System32\ucrtbase.dll
0x00007ffc35720000 - 0x00007ffc35738000 	C:\Program Files\Java\jdk-12\bin\jli.dll
0x00007ffc34c00000 - 0x00007ffc34c16000 	C:\Program Files\Java\jdk-12\bin\VCRUNTIME140.dll
0x00007ffc45ec0000 - 0x00007ffc45f6c000 	C:\WINDOWS\System32\ADVAPI32.dll
0x00007ffc454b0000 - 0x00007ffc4554e000 	C:\WINDOWS\System32\msvcrt.dll
0x00007ffc47180000 - 0x00007ffc4721b000 	C:\WINDOWS\System32\sechost.dll
0x00007ffc45c00000 - 0x00007ffc45d2a000 	C:\WINDOWS\System32\RPCRT4.dll
0x00007ffc467a0000 - 0x00007ffc46940000 	C:\WINDOWS\System32\USER32.dll
0x00007ffc453c0000 - 0x00007ffc453e2000 	C:\WINDOWS\System32\win32u.dll
0x00007ffc2abf0000 - 0x00007ffc2ae8a000 	C:\WINDOWS\WinSxS\amd64_microsoft.windows.common-controls_6595b64144ccf1df_6.0.19041.1110_none_60b5254171f9507e\COMCTL32.dll
0x00007ffc46940000 - 0x00007ffc4696a000 	C:\WINDOWS\System32\GDI32.dll
0x00007ffc452b0000 - 0x00007ffc453bb000 	C:\WINDOWS\System32\gdi32full.dll
0x00007ffc44c60000 - 0x00007ffc44cfd000 	C:\WINDOWS\System32\msvcp_win.dll
0x00007ffc3f800000 - 0x00007ffc3f80a000 	C:\WINDOWS\SYSTEM32\VERSION.dll
0x00007ffc458b0000 - 0x00007ffc458e0000 	C:\WINDOWS\System32\IMM32.DLL
0x00007ffc263b0000 - 0x00007ffc2645a000 	C:\Program Files\Java\jdk-12\bin\msvcp140.dll
0x00007ffc02a70000 - 0x00007ffc035e4000 	C:\Program Files\Java\jdk-12\bin\server\jvm.dll
0x00007ffc466e0000 - 0x00007ffc466e8000 	C:\WINDOWS\System32\PSAPI.DLL
0x00007ffc2cce0000 - 0x00007ffc2cd07000 	C:\WINDOWS\SYSTEM32\WINMM.dll
0x00007ffc3e840000 - 0x00007ffc3e849000 	C:\WINDOWS\SYSTEM32\WSOCK32.dll
0x00007ffc470b0000 - 0x00007ffc4711b000 	C:\WINDOWS\System32\WS2_32.dll
0x00007ffc429d0000 - 0x00007ffc429e2000 	C:\WINDOWS\SYSTEM32\kernel.appcore.dll
0x00007ffc34a60000 - 0x00007ffc34a71000 	C:\Program Files\Java\jdk-12\bin\verify.dll
0x00007ffc3d3b0000 - 0x00007ffc3d594000 	C:\WINDOWS\SYSTEM32\DBGHELP.DLL
0x00007ffc3cfe0000 - 0x00007ffc3d00c000 	C:\WINDOWS\SYSTEM32\dbgcore.DLL
0x00007ffc44bd0000 - 0x00007ffc44c53000 	C:\WINDOWS\System32\bcryptPrimitives.dll
0x00007ffc349b0000 - 0x00007ffc349d6000 	C:\Program Files\Java\jdk-12\bin\java.dll
0x00007ffc32220000 - 0x00007ffc32258000 	C:\Program Files\Java\jdk-12\bin\jdwp.dll
0x00007ffc35a30000 - 0x00007ffc35a3e000 	C:\Program Files\Java\jdk-12\bin\instrument.dll
0x00007ffc34a40000 - 0x00007ffc34a57000 	C:\Program Files\Java\jdk-12\bin\zip.dll
0x00007ffc3f480000 - 0x00007ffc3f48a000 	C:\Program Files\Java\jdk-12\bin\jimage.dll
0x00007ffc46970000 - 0x00007ffc470af000 	C:\WINDOWS\System32\SHELL32.dll
0x00007ffc42bd0000 - 0x00007ffc43360000 	C:\WINDOWS\SYSTEM32\windows.storage.dll
0x00007ffc45550000 - 0x00007ffc458a5000 	C:\WINDOWS\System32\combase.dll
0x00007ffc44450000 - 0x00007ffc4447c000 	C:\WINDOWS\SYSTEM32\Wldp.dll
0x00007ffc46630000 - 0x00007ffc466de000 	C:\WINDOWS\System32\SHCORE.dll
0x00007ffc47120000 - 0x00007ffc47175000 	C:\WINDOWS\System32\shlwapi.dll
0x00007ffc44a00000 - 0x00007ffc44a1f000 	C:\WINDOWS\SYSTEM32\profapi.dll
0x00007ffc34dd0000 - 0x00007ffc34dda000 	C:\Program Files\Java\jdk-12\bin\dt_socket.dll
0x00007ffc441b0000 - 0x00007ffc4421a000 	C:\WINDOWS\system32\mswsock.dll
0x00007ffc34450000 - 0x00007ffc34469000 	C:\Program Files\Java\jdk-12\bin\net.dll
0x00007ffc33690000 - 0x00007ffc3387c000 	C:\WINDOWS\SYSTEM32\urlmon.dll
0x00007ffc33a80000 - 0x00007ffc33b88000 	C:\WINDOWS\SYSTEM32\WINHTTP.dll
0x00007ffc33660000 - 0x00007ffc33688000 	C:\WINDOWS\SYSTEM32\srvcli.dll
0x00007ffc33d60000 - 0x00007ffc34010000 	C:\WINDOWS\SYSTEM32\iertutil.dll
0x00007ffc43fb0000 - 0x00007ffc43fbc000 	C:\WINDOWS\SYSTEM32\netutils.dll
0x00007ffc34430000 - 0x00007ffc34443000 	C:\Program Files\Java\jdk-12\bin\nio.dll
0x00007ffc35810000 - 0x00007ffc35819000 	C:\Program Files\Java\jdk-12\bin\management.dll
0x00007ffc357d0000 - 0x00007ffc357dc000 	C:\Program Files\Java\jdk-12\bin\management_ext.dll
0x00007ffc2c820000 - 0x00007ffc2c837000 	C:\WINDOWS\system32\napinsp.dll
0x00007ffc2c870000 - 0x00007ffc2c88b000 	C:\WINDOWS\system32\pnrpnsp.dll
0x00007ffc3d760000 - 0x00007ffc3d775000 	C:\WINDOWS\system32\wshbth.dll
0x00007ffc3e1b0000 - 0x00007ffc3e1cd000 	C:\WINDOWS\system32\NLAapi.dll
0x00007ffc43ea0000 - 0x00007ffc43edb000 	C:\WINDOWS\SYSTEM32\IPHLPAPI.DLL
0x00007ffc43ee0000 - 0x00007ffc43fac000 	C:\WINDOWS\SYSTEM32\DNSAPI.dll
0x00007ffc45a20000 - 0x00007ffc45a28000 	C:\WINDOWS\System32\NSI.dll
0x00007ffc2c850000 - 0x00007ffc2c862000 	C:\WINDOWS\System32\winrnr.dll
0x00007ffc33880000 - 0x00007ffc3388a000 	C:\Windows\System32\rasadhlp.dll
0x00007ffc33a00000 - 0x00007ffc33a7f000 	C:\WINDOWS\System32\fwpuclnt.dll
0x00007ffc44fb0000 - 0x00007ffc44fd7000 	C:\WINDOWS\System32\bcrypt.dll

dbghelp: loaded successfully - version: 4.0.5 - missing functions: none
symbol engine: initialized successfully - sym options: 0x614 - pdb path: .;C:\Program Files\Java\jdk-12\bin;C:\WINDOWS\SYSTEM32;C:\WINDOWS\WinSxS\amd64_microsoft.windows.common-controls_6595b64144ccf1df_6.0.19041.1110_none_60b5254171f9507e;C:\Program Files\Java\jdk-12\bin\server

VM Arguments:
jvm_args: -agentlib:jdwp=transport=dt_socket,address=127.0.0.1:63863,suspend=y,server=n -ea -Didea.test.cyclic.buffer.size=1048576 -javaagent:C:\Users\Shweta\AppData\Local\JetBrains\IdeaIC2020.1\captureAgent\debugger-agent.jar -Dfile.encoding=UTF-8 
java_command: com.intellij.rt.junit.JUnitStarter -ideVersion5 -junit5 @w@C:\Users\Shweta\AppData\Local\Temp\idea_working_dirs_junit2.tmp @C:\Users\Shweta\AppData\Local\Temp\idea_junit2.tmp
java_class_path (initial): C:\Program Files\JetBrains\IntelliJ IDEA Community Edition 2020.1\lib\idea_rt.jar;C:\Users\Shweta\.m2\repository\org\junit\platform\junit-platform-launcher\1.7.2\junit-platform-launcher-1.7.2.jar;C:\Users\Shweta\.m2\repository\org\junit\vintage\junit-vintage-engine\5.7.2\junit-vintage-engine-5.7.2.jar;C:\Users\Shweta\.m2\repository\junit\junit\4.13\junit-4.13.jar;C:\Users\Shweta\.m2\repository\org\hamcrest\hamcrest-core\1.3\hamcrest-core-1.3.jar;C:\Program Files\JetBrains\IntelliJ IDEA Community Edition 2020.1\plugins\junit\lib\junit5-rt.jar;C:\Program Files\JetBrains\IntelliJ IDEA Community Edition 2020.1\plugins\junit\lib\junit-rt.jar;F:\BenzAssignment\file.service\target\test-classes;F:\BenzAssignment\file.service\target\classes;C:\Users\Shweta\.m2\repository\org\projectlombok\lombok\1.18.20\lombok-1.18.20.jar;C:\Users\Shweta\.m2\repository\org\springframework\boot\spring-boot-starter-web\2.5.4\spring-boot-starter-web-2.5.4.jar;C:\Users\Shweta\.m2\repository\org\springframework\boot\spring-boot-starter\2.5.4\spring-boot-starter-2.5.4.jar;C:\Users\Shweta\.m2\repository\org\springframework\boot\spring-boot\2.5.4\spring-boot-2.5.4.jar;C:\Users\Shweta\.m2\repository\org\springframework\boot\spring-boot-autoconfigure\2.5.4\spring-boot-autoconfigure-2.5.4.jar;C:\Users\Shweta\.m2\repository\org\springframework\boot\spring-boot-starter-logging\2.5.4\spring-boot-starter-logging-2.5.4.jar;C:\Users\Shweta\.m2\repository\ch\qos\logback\logback-classic\1.2.5\logback-classic-1.2.5.jar;C:\Users\Shweta\.m2\repository\ch\qos\logback\logback-core\1.2.5\logback-core-1.2.5.jar;C:\Users\Shweta\.m2\repository\org\apache\logging\log4j\log4j-to-slf4j\2.14.1\log4j-to-slf4j-2.14.1.jar;C:\Users\Shweta\.m2\repository\org\apache\logging\log4j\log4j-api\2.14.1\log4j-api-2.14.1.jar;C:\Users\Shweta\.m2\repository\org\slf4j\jul-to-slf4j\1.7.32\jul-to-slf4j-1.7.32.jar;C:\Users\Shweta\.m2\repository\jakarta\annotation\jakarta.annotation-api\1.3.5\jakarta.annotation-api
Launcher Type: SUN_STANDARD

[Global flags]
     intx CICompilerCount                          = 4                                         {product} {ergonomic}
     uint ConcGCThreads                            = 2                                         {product} {ergonomic}
     uint G1ConcRefinementThreads                  = 8                                         {product} {ergonomic}
   size_t G1HeapRegionSize                         = 1048576                                   {product} {ergonomic}
    uintx GCDrainStackTargetSize                   = 64                                        {product} {ergonomic}
   size_t InitialHeapSize                          = 134217728                                 {product} {ergonomic}
   size_t MarkStackSize                            = 4194304                                   {product} {ergonomic}
   size_t MaxHeapSize                              = 2124414976                                {product} {ergonomic}
   size_t MaxNewSize                               = 1274019840                                {product} {ergonomic}
   size_t MinHeapDeltaBytes                        = 1048576                                   {product} {ergonomic}
    uintx NonNMethodCodeHeapSize                   = 5836300                                {pd product} {ergonomic}
    uintx NonProfiledCodeHeapSize                  = 122910970                              {pd product} {ergonomic}
    uintx ProfiledCodeHeapSize                     = 122910970                              {pd product} {ergonomic}
    uintx ReservedCodeCacheSize                    = 251658240                              {pd product} {ergonomic}
     bool SegmentedCodeCache                       = true                                      {product} {ergonomic}
     bool UseCompressedClassPointers               = true                                 {lp64_product} {ergonomic}
     bool UseCompressedOops                        = true                                 {lp64_product} {ergonomic}
     bool UseG1GC                                  = true                                      {product} {ergonomic}
     bool UseLargePagesIndividualAllocation        = false                                  {pd product} {ergonomic}

Logging:
Log output configuration:
 #0: stdout all=warning uptime,level,tags
 #1: stderr all=off uptime,level,tags

Environment Variables:
JAVA_HOME=C:\Program Files\Java\jre1.8.0_271
PATH=C:\Program Files (x86)\Common Files\Oracle\Java\javapath;C:\WINDOWS\system32;C:\WINDOWS;C:\WINDOWS\System32\Wbem;C:\WINDOWS\System32\WindowsPowerShell\v1.0\;C:\WINDOWS\System32\OpenSSH\;C:\Program Files\nodejs\;C:\zookeeper-3.6.0.tar\zookeeper-3.6.0\bin;C:\Program Files\Git\cmd;C:\Users\Shweta\AppData\Local\Microsoft\WindowsApps;C:\Users\Shweta\AppData\Local\Programs\Microsoft VS Code\bin;C:\Users\Shweta\AppData\Roaming\npm;C:\apache-zookeeper-3.7.0\bin;C:\Program Files\Java\jre1.8.0_271\bin;
USERNAME=Shweta
OS=Windows_NT
PROCESSOR_IDENTIFIER=Intel64 Family 6 Model 142 Stepping 10, GenuineIntel



---------------  S Y S T E M  ---------------

OS: Windows 10 , 64 bit Build 19041 (10.0.19041.1151)

CPU:total 8 (initial active 8) (4 cores per cpu, 2 threads per core) family 6 model 142 stepping 10, cmov, cx8, fxsr, mmx, sse, sse2, sse3, ssse3, sse4.1, sse4.2, popcnt, avx, avx2, aes, clmul, erms, 3dnowpref, lzcnt, ht, tsc, tscinvbit, bmi1, bmi2, adx, fma

Memory: 4k page, system-wide physical 8101M (670M free)
TotalPageFile size 17883M (AvailPageFile size 2052M)
current process WorkingSet (physical memory assigned to process): 159M, peak: 328M
current process commit charge ("private bytes"): 219M, peak: 383M

vm_info: Java HotSpot(TM) 64-Bit Server VM (12+33) for windows-amd64 JRE (12+33), built on Feb 21 2019 02:31:50 by "mach5one" with MS VC++ 15.5 (VS2017)

END.
